<?xml version="1.0" encoding="UTF-8"?>
<coverage generated="1567026969545" clover="3.2.0">
  <project timestamp="1567026969545" name="All files">
    <metrics statements="23" coveredstatements="6" conditionals="5004" coveredconditionals="0" methods="884" coveredmethods="3" elements="5911" coveredelements="9" complexity="0" loc="23" ncloc="23" packages="4" files="10" classes="10"/>
    <package name="reviews-frontend">
      <metrics statements="4" coveredstatements="0" conditionals="0" coveredconditionals="0" methods="0" coveredmethods="0"/>
      <file name="babel.config.js" path="/Users/kaylatillman/Desktop/fec_hr/reviews-frontend/babel.config.js">
        <metrics statements="1" coveredstatements="0" conditionals="0" coveredconditionals="0" methods="0" coveredmethods="0"/>
        <line num="1" count="0" type="stmt"/>
      </file>
      <file name="jest.config.js" path="/Users/kaylatillman/Desktop/fec_hr/reviews-frontend/jest.config.js">
        <metrics statements="1" coveredstatements="0" conditionals="0" coveredconditionals="0" methods="0" coveredmethods="0"/>
        <line num="1" count="0" type="stmt"/>
      </file>
      <file name="webpack.config.js" path="/Users/kaylatillman/Desktop/fec_hr/reviews-frontend/webpack.config.js">
        <metrics statements="2" coveredstatements="0" conditionals="0" coveredconditionals="0" methods="0" coveredmethods="0"/>
        <line num="1" count="0" type="stmt"/>
        <line num="4" count="0" type="stmt"/>
      </file>
    </package>
    <package name="reviews-frontend.public">
      <metrics statements="6" coveredstatements="0" conditionals="5004" coveredconditionals="0" methods="876" coveredmethods="0"/>
      <file name="bundle.js" path="/Users/kaylatillman/Desktop/fec_hr/reviews-frontend/public/bundle.js">
        <metrics statements="6" coveredstatements="0" conditionals="5004" coveredconditionals="0" methods="876" coveredmethods="0"/>
        <line num="1" count="0" type="cond" truecount="0" falsecount="68"/>
        <line num="6" count="0" type="cond" truecount="0" falsecount="142"/>
        <line num="14" count="0" type="cond" truecount="0" falsecount="161"/>
        <line num="22" count="0" type="cond" truecount="0" falsecount="3721"/>
        <line num="30" count="0" type="cond" truecount="0" falsecount="162"/>
        <line num="37" count="0" type="cond" truecount="0" falsecount="750"/>
      </file>
    </package>
    <package name="reviews-frontend.src">
      <metrics statements="12" coveredstatements="5" conditionals="0" coveredconditionals="0" methods="8" coveredmethods="3"/>
      <file name="App.jsx" path="/Users/kaylatillman/Desktop/fec_hr/reviews-frontend/src/App.jsx">
        <metrics statements="2" coveredstatements="2" conditionals="0" coveredconditionals="0" methods="1" coveredmethods="1"/>
        <line num="4" count="1" type="stmt"/>
        <line num="5" count="1" type="stmt"/>
      </file>
      <file name="ReviewList.jsx" path="/Users/kaylatillman/Desktop/fec_hr/reviews-frontend/src/ReviewList.jsx">
        <metrics statements="8" coveredstatements="3" conditionals="0" coveredconditionals="0" methods="6" coveredmethods="2"/>
        <line num="8" count="2" type="stmt"/>
        <line num="9" count="2" type="stmt"/>
        <line num="15" count="0" type="stmt"/>
        <line num="18" count="0" type="stmt"/>
        <line num="19" count="0" type="stmt"/>
        <line num="24" count="0" type="stmt"/>
        <line num="29" count="2" type="stmt"/>
        <line num="32" count="0" type="stmt"/>
      </file>
      <file name="ReviewListItem.jsx" path="/Users/kaylatillman/Desktop/fec_hr/reviews-frontend/src/ReviewListItem.jsx">
        <metrics statements="1" coveredstatements="0" conditionals="0" coveredconditionals="0" methods="1" coveredmethods="0"/>
        <line num="4" count="0" type="stmt"/>
      </file>
      <file name="SearchBar.jsx" path="/Users/kaylatillman/Desktop/fec_hr/reviews-frontend/src/SearchBar.jsx">
        <metrics statements="0" coveredstatements="0" conditionals="0" coveredconditionals="0" methods="0" coveredmethods="0"/>
      </file>
      <file name="index.jsx" path="/Users/kaylatillman/Desktop/fec_hr/reviews-frontend/src/index.jsx">
        <metrics statements="1" coveredstatements="0" conditionals="0" coveredconditionals="0" methods="0" coveredmethods="0"/>
        <line num="7" count="0" type="stmt"/>
      </file>
    </package>
    <package name="reviews-frontend.test">
      <metrics statements="1" coveredstatements="1" conditionals="0" coveredconditionals="0" methods="0" coveredmethods="0"/>
      <file name="setUpTest.js" path="/Users/kaylatillman/Desktop/fec_hr/reviews-frontend/test/setUpTest.js">
        <metrics statements="1" coveredstatements="1" conditionals="0" coveredconditionals="0" methods="0" coveredmethods="0"/>
        <line num="6" count="1" type="stmt"/>
      </file>
    </package>
  </project>
</coverage>
