TN:
SF:/Users/kaylatillman/Desktop/fec_hr/reviews-frontend/babel.config.js
FNF:0
FNH:0
DA:1,0
LF:1
LH:0
BRF:0
BRH:0
end_of_record
TN:
SF:/Users/kaylatillman/Desktop/fec_hr/reviews-frontend/jest.config.js
FNF:0
FNH:0
DA:1,0
LF:1
LH:0
BRF:0
BRH:0
end_of_record
TN:
SF:/Users/kaylatillman/Desktop/fec_hr/reviews-frontend/webpack.config.js
FNF:0
FNH:0
DA:1,0
DA:4,0
LF:2
LH:0
BRF:0
BRH:0
end_of_record
TN:
SF:/Users/kaylatillman/Desktop/fec_hr/reviews-frontend/coverage/lcov-report/block-navigation.js
FN:2,init
FN:24,toggleClass
FN:31,makeCurrent
FN:41,goToPrevious
FN:52,goToNext
FN:65,jump
FNF:6
FNH:0
FNDA:0,init
FNDA:0,toggleClass
FNDA:0,makeCurrent
FNDA:0,goToPrevious
FNDA:0,goToNext
FNDA:0,jump
DA:2,0
DA:4,0
DA:7,0
DA:10,0
DA:14,0
DA:20,0
DA:25,0
DA:28,0
DA:32,0
DA:33,0
DA:34,0
DA:42,0
DA:43,0
DA:44,0
DA:45,0
DA:46,0
DA:49,0
DA:53,0
DA:55,0
DA:59,0
DA:62,0
DA:65,0
DA:66,0
DA:69,0
DA:70,0
DA:74,0
DA:75,0
DA:79,0
LF:28
LH:0
BRDA:43,0,0,0
BRDA:43,0,1,0
BRDA:43,1,0,0
BRDA:43,1,1,0
BRDA:45,2,0,0
BRDA:45,2,1,0
BRDA:55,3,0,0
BRDA:55,3,1,0
BRDA:56,4,0,0
BRDA:56,4,1,0
BRDA:66,5,0,0
BRDA:66,5,1,0
BRDA:66,5,2,0
BRDA:66,5,3,0
BRDA:66,5,4,0
BRF:15
BRH:0
end_of_record
TN:
SF:/Users/kaylatillman/Desktop/fec_hr/reviews-frontend/coverage/lcov-report/prettify.js
FN:2,(anonymous_0)
FN:2,k
FN:2,ab
FN:2,T
FN:2,X
FN:2,(anonymous_5)
FN:2,W
FN:2,(anonymous_7)
FN:2,a
FN:2,aa
FN:2,B
FN:2,o
FN:2,g
FN:2,(anonymous_13)
FN:2,(anonymous_14)
FN:2,i
FN:2,Q
FN:2,ae
FN:2,ad
FN:2,ai
FN:2,D
FN:2,c
FN:2,q
FN:2,d
FN:2,y
FN:2,b
FN:2,Y
FN:2,(anonymous_27)
FN:2,U
FNF:29
FNH:0
FNDA:0,(anonymous_0)
FNDA:0,k
FNDA:0,ab
FNDA:0,T
FNDA:0,X
FNDA:0,(anonymous_5)
FNDA:0,W
FNDA:0,(anonymous_7)
FNDA:0,a
FNDA:0,aa
FNDA:0,B
FNDA:0,o
FNDA:0,g
FNDA:0,(anonymous_13)
FNDA:0,(anonymous_14)
FNDA:0,i
FNDA:0,Q
FNDA:0,ae
FNDA:0,ad
FNDA:0,ai
FNDA:0,D
FNDA:0,c
FNDA:0,q
FNDA:0,d
FNDA:0,y
FNDA:0,b
FNDA:0,Y
FNDA:0,(anonymous_27)
FNDA:0,U
DA:2,0
LF:1
LH:0
BRDA:2,0,0,0
BRDA:2,0,1,0
BRDA:2,1,0,0
BRDA:2,1,1,0
BRDA:2,2,0,0
BRDA:2,2,1,0
BRDA:2,3,0,0
BRDA:2,3,1,0
BRDA:2,4,0,0
BRDA:2,4,1,0
BRDA:2,5,0,0
BRDA:2,5,1,0
BRDA:2,6,0,0
BRDA:2,6,1,0
BRDA:2,7,0,0
BRDA:2,7,1,0
BRDA:2,8,0,0
BRDA:2,8,1,0
BRDA:2,9,0,0
BRDA:2,9,1,0
BRDA:2,10,0,0
BRDA:2,10,1,0
BRDA:2,11,0,0
BRDA:2,11,1,0
BRDA:2,11,2,0
BRDA:2,11,3,0
BRDA:2,12,0,0
BRDA:2,12,1,0
BRDA:2,13,0,0
BRDA:2,13,1,0
BRDA:2,14,0,0
BRDA:2,14,1,0
BRDA:2,15,0,0
BRDA:2,15,1,0
BRDA:2,16,0,0
BRDA:2,16,1,0
BRDA:2,17,0,0
BRDA:2,17,1,0
BRDA:2,18,0,0
BRDA:2,18,1,0
BRDA:2,19,0,0
BRDA:2,19,1,0
BRDA:2,20,0,0
BRDA:2,20,1,0
BRDA:2,21,0,0
BRDA:2,21,1,0
BRDA:2,22,0,0
BRDA:2,22,1,0
BRDA:2,23,0,0
BRDA:2,23,1,0
BRDA:2,24,0,0
BRDA:2,24,1,0
BRDA:2,25,0,0
BRDA:2,25,1,0
BRDA:2,26,0,0
BRDA:2,26,1,0
BRDA:2,27,0,0
BRDA:2,27,1,0
BRDA:2,28,0,0
BRDA:2,28,1,0
BRDA:2,29,0,0
BRDA:2,29,1,0
BRDA:2,30,0,0
BRDA:2,30,1,0
BRDA:2,31,0,0
BRDA:2,31,1,0
BRDA:2,32,0,0
BRDA:2,32,1,0
BRDA:2,33,0,0
BRDA:2,33,1,0
BRDA:2,34,0,0
BRDA:2,34,1,0
BRDA:2,35,0,0
BRDA:2,35,1,0
BRDA:2,36,0,0
BRDA:2,36,1,0
BRDA:2,37,0,0
BRDA:2,37,1,0
BRDA:2,38,0,0
BRDA:2,38,1,0
BRDA:2,39,0,0
BRDA:2,39,1,0
BRDA:2,40,0,0
BRDA:2,40,1,0
BRDA:2,41,0,0
BRDA:2,41,1,0
BRDA:2,42,0,0
BRDA:2,42,1,0
BRDA:2,43,0,0
BRDA:2,43,1,0
BRDA:2,44,0,0
BRDA:2,44,1,0
BRDA:2,45,0,0
BRDA:2,45,1,0
BRDA:2,46,0,0
BRDA:2,46,1,0
BRDA:2,47,0,0
BRDA:2,47,1,0
BRDA:2,48,0,0
BRDA:2,48,1,0
BRDA:2,49,0,0
BRDA:2,49,1,0
BRDA:2,50,0,0
BRDA:2,50,1,0
BRDA:2,50,2,0
BRDA:2,51,0,0
BRDA:2,51,1,0
BRDA:2,52,0,0
BRDA:2,52,1,0
BRDA:2,53,0,0
BRDA:2,53,1,0
BRDA:2,54,0,0
BRDA:2,54,1,0
BRDA:2,55,0,0
BRDA:2,55,1,0
BRDA:2,56,0,0
BRDA:2,56,1,0
BRDA:2,57,0,0
BRDA:2,57,1,0
BRDA:2,58,0,0
BRDA:2,58,1,0
BRDA:2,59,0,0
BRDA:2,59,1,0
BRDA:2,60,0,0
BRDA:2,60,1,0
BRDA:2,61,0,0
BRDA:2,61,1,0
BRDA:2,62,0,0
BRDA:2,62,1,0
BRDA:2,63,0,0
BRDA:2,63,1,0
BRDA:2,64,0,0
BRDA:2,64,1,0
BRDA:2,65,0,0
BRDA:2,65,1,0
BRDA:2,66,0,0
BRDA:2,66,1,0
BRDA:2,67,0,0
BRDA:2,67,1,0
BRDA:2,68,0,0
BRDA:2,68,1,0
BRDA:2,69,0,0
BRDA:2,69,1,0
BRDA:2,70,0,0
BRDA:2,70,1,0
BRDA:2,71,0,0
BRDA:2,71,1,0
BRDA:2,72,0,0
BRDA:2,72,1,0
BRDA:2,73,0,0
BRDA:2,73,1,0
BRDA:2,74,0,0
BRDA:2,74,1,0
BRDA:2,75,0,0
BRDA:2,75,1,0
BRDA:2,76,0,0
BRDA:2,76,1,0
BRDA:2,77,0,0
BRDA:2,77,1,0
BRDA:2,78,0,0
BRDA:2,78,1,0
BRDA:2,79,0,0
BRDA:2,79,1,0
BRDA:2,80,0,0
BRDA:2,80,1,0
BRDA:2,81,0,0
BRDA:2,81,1,0
BRDA:2,82,0,0
BRDA:2,82,1,0
BRDA:2,83,0,0
BRDA:2,83,1,0
BRDA:2,84,0,0
BRDA:2,84,1,0
BRDA:2,85,0,0
BRDA:2,85,1,0
BRDA:2,86,0,0
BRDA:2,86,1,0
BRDA:2,87,0,0
BRDA:2,87,1,0
BRDA:2,88,0,0
BRDA:2,88,1,0
BRDA:2,89,0,0
BRDA:2,89,1,0
BRDA:2,89,2,0
BRDA:2,90,0,0
BRDA:2,90,1,0
BRDA:2,91,0,0
BRDA:2,91,1,0
BRDA:2,92,0,0
BRDA:2,92,1,0
BRDA:2,93,0,0
BRDA:2,93,1,0
BRDA:2,94,0,0
BRDA:2,94,1,0
BRDA:2,95,0,0
BRDA:2,95,1,0
BRDA:2,96,0,0
BRDA:2,96,1,0
BRDA:2,97,0,0
BRDA:2,97,1,0
BRDA:2,98,0,0
BRDA:2,98,1,0
BRDA:2,99,0,0
BRDA:2,99,1,0
BRDA:2,100,0,0
BRDA:2,100,1,0
BRDA:2,101,0,0
BRDA:2,101,1,0
BRDA:2,102,0,0
BRDA:2,102,1,0
BRDA:2,103,0,0
BRDA:2,103,1,0
BRDA:2,104,0,0
BRDA:2,104,1,0
BRDA:2,105,0,0
BRDA:2,105,1,0
BRDA:2,106,0,0
BRDA:2,106,1,0
BRDA:2,107,0,0
BRDA:2,107,1,0
BRDA:2,108,0,0
BRDA:2,108,1,0
BRDA:2,109,0,0
BRDA:2,109,1,0
BRDA:2,110,0,0
BRDA:2,110,1,0
BRDA:2,111,0,0
BRDA:2,111,1,0
BRDA:2,112,0,0
BRDA:2,112,1,0
BRDA:2,113,0,0
BRDA:2,113,1,0
BRDA:2,114,0,0
BRDA:2,114,1,0
BRDA:2,115,0,0
BRDA:2,115,1,0
BRDA:2,116,0,0
BRDA:2,116,1,0
BRDA:2,117,0,0
BRDA:2,117,1,0
BRDA:2,118,0,0
BRDA:2,118,1,0
BRDA:2,119,0,0
BRDA:2,119,1,0
BRDA:2,120,0,0
BRDA:2,120,1,0
BRDA:2,121,0,0
BRDA:2,121,1,0
BRDA:2,122,0,0
BRDA:2,122,1,0
BRDA:2,123,0,0
BRDA:2,123,1,0
BRDA:2,124,0,0
BRDA:2,124,1,0
BRDA:2,125,0,0
BRDA:2,125,1,0
BRDA:2,126,0,0
BRDA:2,126,1,0
BRDA:2,127,0,0
BRDA:2,127,1,0
BRDA:2,128,0,0
BRDA:2,128,1,0
BRDA:2,128,2,0
BRDA:2,129,0,0
BRDA:2,129,1,0
BRDA:2,130,0,0
BRDA:2,130,1,0
BRDA:2,131,0,0
BRDA:2,131,1,0
BRDA:2,131,2,0
BRDA:2,131,3,0
BRDA:2,131,4,0
BRDA:2,132,0,0
BRDA:2,132,1,0
BRDA:2,133,0,0
BRDA:2,133,1,0
BRDA:2,134,0,0
BRDA:2,134,1,0
BRDA:2,135,0,0
BRDA:2,135,1,0
BRDA:2,136,0,0
BRDA:2,136,1,0
BRDA:2,137,0,0
BRDA:2,137,1,0
BRDA:2,138,0,0
BRDA:2,138,1,0
BRF:286
BRH:0
end_of_record
TN:
SF:/Users/kaylatillman/Desktop/fec_hr/reviews-frontend/coverage/lcov-report/sorter.js
FN:2,(anonymous_0)
FN:11,getTable
FN:15,getTableHeader
FN:19,getTableBody
FN:23,getNthColumn
FN:28,loadColumns
FN:53,loadRowData
FN:72,loadData
FN:81,sortByIndex
FN:83,(anonymous_9)
FN:95,(anonymous_10)
FN:112,removeSortIndicators
FN:120,addSortIndicators
FN:126,enableUI
FN:129,ithSorter
FN:132,(anonymous_15)
FN:159,(anonymous_16)
FNF:17
FNH:0
FNDA:0,(anonymous_0)
FNDA:0,getTable
FNDA:0,getTableHeader
FNDA:0,getTableBody
FNDA:0,getNthColumn
FNDA:0,loadColumns
FNDA:0,loadRowData
FNDA:0,loadData
FNDA:0,sortByIndex
FNDA:0,(anonymous_9)
FNDA:0,(anonymous_10)
FNDA:0,removeSortIndicators
FNDA:0,addSortIndicators
FNDA:0,enableUI
FNDA:0,ithSorter
FNDA:0,(anonymous_15)
FNDA:0,(anonymous_16)
DA:2,0
DA:5,0
DA:12,0
DA:16,0
DA:20,0
DA:24,0
DA:29,0
DA:31,0
DA:35,0
DA:36,0
DA:37,0
DA:42,0
DA:43,0
DA:44,0
DA:45,0
DA:49,0
DA:54,0
DA:57,0
DA:60,0
DA:61,0
DA:62,0
DA:63,0
DA:64,0
DA:65,0
DA:67,0
DA:69,0
DA:73,0
DA:76,0
DA:77,0
DA:82,0
DA:83,0
DA:84,0
DA:85,0
DA:86,0
DA:88,0
DA:89,0
DA:90,0
DA:91,0
DA:94,0
DA:95,0
DA:96,0
DA:100,0
DA:101,0
DA:102,0
DA:105,0
DA:107,0
DA:108,0
DA:113,0
DA:114,0
DA:116,0
DA:117,0
DA:121,0
DA:129,0
DA:130,0
DA:132,0
DA:133,0
DA:135,0
DA:136,0
DA:138,0
DA:139,0
DA:140,0
DA:141,0
DA:142,0
DA:145,0
DA:146,0
DA:149,0
DA:150,0
DA:151,0
DA:153,0
DA:159,0
DA:160,0
DA:161,0
DA:163,0
DA:164,0
DA:165,0
DA:166,0
DA:170,0
LF:77
LH:0
BRDA:40,0,0,0
BRDA:40,0,1,0
BRDA:43,1,0,0
BRDA:43,1,1,0
BRDA:64,2,0,0
BRDA:64,2,1,0
BRDA:86,3,0,0
BRDA:86,3,1,0
BRDA:86,4,0,0
BRDA:86,4,1,0
BRDA:94,5,0,0
BRDA:94,5,1,0
BRDA:121,6,0,0
BRDA:121,6,1,0
BRDA:135,7,0,0
BRDA:135,7,1,0
BRDA:146,8,0,0
BRDA:146,8,1,0
BRDA:150,9,0,0
BRDA:150,9,1,0
BRDA:160,10,0,0
BRDA:160,10,1,0
BRF:22
BRH:0
end_of_record
TN:
SF:/Users/kaylatillman/Desktop/fec_hr/reviews-frontend/public/bundle.js
FN:1,(anonymous_0)
FN:1,n
FN:1,(anonymous_2)
FN:1,(anonymous_3)
FN:1,(anonymous_4)
FN:1,(anonymous_5)
FN:1,(anonymous_6)
FN:1,(anonymous_7)
FN:1,(anonymous_8)
FN:1,(anonymous_9)
FN:1,(anonymous_10)
FN:1,l
FN:1,a
FN:1,u
FN:1,c
FN:1,(anonymous_15)
FN:1,(anonymous_16)
FN:1,(anonymous_17)
FN:1,(anonymous_18)
FN:1,(anonymous_19)
FN:1,(anonymous_20)
FN:1,(anonymous_21)
FN:1,(anonymous_22)
FN:1,(anonymous_23)
FN:1,(anonymous_24)
FN:1,(anonymous_25)
FN:1,(anonymous_26)
FN:1,e
FN:1,n
FN:1,e
FN:1,n
FN:1,(anonymous_31)
FN:1,(anonymous_32)
FN:1,(anonymous_33)
FN:1,(anonymous_34)
FN:1,(anonymous_35)
FN:6,l
FN:6,(anonymous_37)
FN:6,(anonymous_38)
FN:6,(anonymous_39)
FN:6,(anonymous_40)
FN:6,(anonymous_41)
FN:6,(anonymous_42)
FN:6,(anonymous_43)
FN:6,(anonymous_44)
FN:6,i
FN:6,(anonymous_46)
FN:6,(anonymous_47)
FN:6,(anonymous_48)
FN:6,(anonymous_49)
FN:6,(anonymous_50)
FN:6,(anonymous_51)
FN:6,(anonymous_52)
FN:6,l
FN:6,(anonymous_54)
FN:6,(anonymous_55)
FN:6,(anonymous_56)
FN:6,(anonymous_57)
FN:6,(anonymous_58)
FN:6,(anonymous_59)
FN:6,(anonymous_60)
FN:6,(anonymous_61)
FN:6,(anonymous_62)
FN:6,(anonymous_63)
FN:6,(anonymous_64)
FN:6,(anonymous_65)
FN:6,(anonymous_66)
FN:6,(anonymous_67)
FN:6,(anonymous_68)
FN:6,(anonymous_69)
FN:6,(anonymous_70)
FN:6,(anonymous_71)
FN:6,(anonymous_72)
FN:6,(anonymous_73)
FN:6,(anonymous_74)
FN:6,(anonymous_75)
FN:6,r
FN:6,(anonymous_77)
FN:6,(anonymous_78)
FN:6,e
FN:6,(anonymous_80)
FN:6,(anonymous_81)
FN:14,g
FN:14,(anonymous_83)
FN:14,(anonymous_84)
FN:14,(anonymous_85)
FN:14,(anonymous_86)
FN:14,k
FN:14,x
FN:14,E
FN:14,(anonymous_90)
FN:14,(anonymous_91)
FN:14,O
FN:14,R
FN:14,j
FN:14,A
FN:14,F
FN:14,e
FN:14,U
FN:14,(anonymous_99)
FN:14,(anonymous_100)
FN:14,I
FN:14,D
FN:14,(anonymous_103)
FN:14,(anonymous_104)
FN:14,L
FN:14,B
FN:14,(anonymous_107)
FN:14,(anonymous_108)
FN:14,(anonymous_109)
FN:14,(anonymous_110)
FN:14,(anonymous_111)
FN:14,(anonymous_112)
FN:14,(anonymous_113)
FN:14,(anonymous_114)
FN:14,(anonymous_115)
FN:14,(anonymous_116)
FN:14,(anonymous_117)
FN:14,(anonymous_118)
FN:14,(anonymous_119)
FN:14,(anonymous_120)
FN:14,(anonymous_121)
FN:14,(anonymous_122)
FN:14,(anonymous_123)
FN:14,(anonymous_124)
FN:14,(anonymous_125)
FN:14,(anonymous_126)
FN:14,(anonymous_127)
FN:14,(anonymous_128)
FN:14,(anonymous_129)
FN:14,(anonymous_130)
FN:14,(anonymous_131)
FN:14,(anonymous_132)
FN:22,l
FN:22,c
FN:22,s
FN:22,m
FN:22,(anonymous_137)
FN:22,k
FN:22,_
FN:22,(anonymous_140)
FN:22,S
FN:22,C
FN:22,N
FN:22,O
FN:22,(anonymous_145)
FN:22,(anonymous_146)
FN:22,z
FN:22,F
FN:22,U
FN:22,I
FN:22,D
FN:22,L
FN:22,B
FN:22,V
FN:22,W
FN:22,H
FN:22,q
FN:22,Q
FN:22,G
FN:22,le
FN:22,ae
FN:22,ue
FN:22,ce
FN:22,se
FN:22,fe
FN:22,de
FN:22,(anonymous_167)
FN:22,(anonymous_168)
FN:22,(anonymous_169)
FN:22,(anonymous_170)
FN:22,(anonymous_171)
FN:22,(anonymous_172)
FN:22,(anonymous_173)
FN:22,t
FN:22,n
FN:22,Ee
FN:22,Te
FN:22,(anonymous_178)
FN:22,(anonymous_179)
FN:22,(anonymous_180)
FN:22,Oe
FN:22,Re
FN:22,ze
FN:22,Me
FN:22,je
FN:22,Ae
FN:22,Ie
FN:22,Le
FN:22,Be
FN:22,Ve
FN:22,We
FN:22,He
FN:22,(anonymous_193)
FN:22,(anonymous_194)
FN:22,(anonymous_195)
FN:22,(anonymous_196)
FN:22,(anonymous_197)
FN:22,(anonymous_198)
FN:22,qe
FN:22,ct
FN:22,st
FN:22,ft
FN:22,vt
FN:22,(anonymous_204)
FN:22,(anonymous_205)
FN:22,(anonymous_206)
FN:22,(anonymous_207)
FN:22,(anonymous_208)
FN:22,(anonymous_209)
FN:22,(anonymous_210)
FN:22,(anonymous_211)
FN:22,(anonymous_212)
FN:22,bt
FN:22,wt
FN:22,(anonymous_215)
FN:22,(anonymous_216)
FN:22,(anonymous_217)
FN:22,kt
FN:22,xt
FN:22,Et
FN:22,Tt
FN:22,_t
FN:22,St
FN:22,Ct
FN:22,(anonymous_225)
FN:22,(anonymous_226)
FN:22,(anonymous_227)
FN:22,(anonymous_228)
FN:22,(anonymous_229)
FN:22,Nt
FN:22,zt
FN:22,Mt
FN:22,jt
FN:22,Ft
FN:22,Ut
FN:22,It
FN:22,Dt
FN:22,Lt
FN:22,Bt
FN:22,(anonymous_240)
FN:22,qt
FN:22,$t
FN:22,(anonymous_243)
FN:22,(anonymous_244)
FN:22,(anonymous_245)
FN:22,(anonymous_246)
FN:22,tn
FN:22,rn
FN:22,on
FN:22,ln
FN:22,an
FN:22,un
FN:22,(anonymous_253)
FN:22,(anonymous_254)
FN:22,dn
FN:22,(anonymous_256)
FN:22,(anonymous_257)
FN:22,(anonymous_258)
FN:22,(anonymous_259)
FN:22,(anonymous_260)
FN:22,(anonymous_261)
FN:22,(anonymous_262)
FN:22,(anonymous_263)
FN:22,Mn
FN:22,An
FN:22,Fn
FN:22,Un
FN:22,In
FN:22,Dn
FN:22,Bn
FN:22,Vn
FN:22,Wn
FN:22,Hn
FN:22,qn
FN:22,$n
FN:22,Zn
FN:22,(anonymous_277)
FN:22,tr
FN:22,(anonymous_279)
FN:22,(anonymous_280)
FN:22,nr
FN:22,rr
FN:22,ir
FN:22,or
FN:22,lr
FN:22,ur
FN:22,cr
FN:22,(anonymous_288)
FN:22,(anonymous_289)
FN:22,(anonymous_290)
FN:22,(anonymous_291)
FN:22,dr
FN:22,mr
FN:22,vr
FN:22,(anonymous_295)
FN:22,(anonymous_296)
FN:22,gr
FN:22,br
FN:22,wr
FN:22,kr
FN:22,Tr
FN:22,_r
FN:22,Pr
FN:22,Rr
FN:22,zr
FN:22,Ur
FN:22,Ir
FN:22,Dr
FN:22,Lr
FN:22,Br
FN:22,Vr
FN:22,Wr
FN:22,Hr
FN:22,(anonymous_314)
FN:22,(anonymous_315)
FN:22,si
FN:22,fi
FN:22,di
FN:22,pi
FN:22,hi
FN:22,mi
FN:22,vi
FN:22,(anonymous_323)
FN:22,yi
FN:22,gi
FN:22,Ei
FN:22,Ti
FN:22,_i
FN:22,Si
FN:22,Ci
FN:22,Pi
FN:22,Oi
FN:22,Ri
FN:22,zi
FN:22,Mi
FN:22,ji
FN:22,Ai
FN:22,Fi
FN:22,Ui
FN:22,Ii
FN:22,Di
FN:22,Li
FN:22,Wi
FN:22,(anonymous_344)
FN:22,(anonymous_345)
FN:22,(anonymous_346)
FN:22,(anonymous_347)
FN:22,qi
FN:22,$i
FN:22,Qi
FN:22,Ki
FN:22,Yi
FN:22,(anonymous_353)
FN:22,Gi
FN:22,Ji
FN:22,t
FN:22,n
FN:22,r
FN:22,i
FN:22,o
FN:22,a
FN:22,u
FN:22,c
FN:22,s
FN:22,f
FN:22,d
FN:22,p
FN:22,h
FN:22,m
FN:22,(anonymous_370)
FN:22,v
FN:22,(anonymous_372)
FN:22,(anonymous_373)
FN:22,oo
FN:22,lo
FN:22,ao
FN:22,uo
FN:22,co
FN:22,mo
FN:22,Io
FN:22,Do
FN:22,Lo
FN:22,Bo
FN:22,Vo
FN:22,Wo
FN:22,Ho
FN:22,qo
FN:22,$o
FN:22,Qo
FN:22,Ko
FN:22,Xo
FN:22,(anonymous_392)
FN:22,(anonymous_393)
FN:22,Yo
FN:22,Go
FN:22,(anonymous_396)
FN:22,(anonymous_397)
FN:22,(anonymous_398)
FN:22,(anonymous_399)
FN:22,(anonymous_400)
FN:22,(anonymous_401)
FN:22,(anonymous_402)
FN:22,(anonymous_403)
FN:22,(anonymous_404)
FN:22,(anonymous_405)
FN:22,(anonymous_406)
FN:22,(anonymous_407)
FN:22,(anonymous_408)
FN:22,(anonymous_409)
FN:22,(anonymous_410)
FN:22,il
FN:22,ol
FN:22,ll
FN:22,al
FN:22,ul
FN:22,cl
FN:22,dl
FN:22,pl
FN:22,hl
FN:22,ml
FN:22,vl
FN:22,yl
FN:22,gl
FN:22,bl
FN:22,wl
FN:22,xl
FN:22,El
FN:22,Tl
FN:22,_l
FN:22,Sl
FN:22,Rl
FN:22,zl
FN:22,Ml
FN:22,(anonymous_434)
FN:22,(anonymous_435)
FN:22,(anonymous_436)
FN:22,(anonymous_437)
FN:22,Al
FN:22,(anonymous_439)
FN:22,Fl
FN:22,Ul
FN:22,Il
FN:22,(anonymous_443)
FN:22,(anonymous_444)
FN:22,Dl
FN:22,Ll
FN:22,Bl
FN:22,Vl
FN:22,Wl
FN:22,Hl
FN:22,(anonymous_451)
FN:22,$l
FN:22,(anonymous_453)
FN:22,Ql
FN:22,(anonymous_455)
FN:22,(anonymous_456)
FN:22,Na
FN:22,Oa
FN:22,za
FN:22,Ma
FN:22,ja
FN:22,Aa
FN:22,Fa
FN:22,(anonymous_464)
FN:22,(anonymous_465)
FN:22,Ua
FN:22,Ia
FN:22,Da
FN:22,La
FN:22,Ba
FN:22,(anonymous_471)
FN:22,(anonymous_472)
FN:22,Va
FN:22,Wa
FN:22,Ha
FN:22,qa
FN:22,(anonymous_477)
FN:22,$a
FN:22,e
FN:22,Qa
FN:22,Ka
FN:22,Xa
FN:22,Ya
FN:22,Ga
FN:22,Ja
FN:22,(anonymous_486)
FN:22,(anonymous_487)
FN:22,(anonymous_488)
FN:22,(anonymous_489)
FN:22,(anonymous_490)
FN:22,nu
FN:22,ru
FN:22,iu
FN:22,ou
FN:22,lu
FN:22,au
FN:22,uu
FN:22,cu
FN:22,su
FN:22,fu
FN:22,du
FN:22,pu
FN:22,hu
FN:22,mu
FN:22,vu
FN:22,yu
FN:22,gu
FN:22,bu
FN:22,wu
FN:22,(anonymous_510)
FN:22,(anonymous_511)
FN:22,(anonymous_512)
FN:22,(anonymous_513)
FN:22,ku
FN:22,(anonymous_515)
FN:22,(anonymous_516)
FN:22,(anonymous_517)
FN:22,(anonymous_518)
FN:22,(anonymous_519)
FN:22,(anonymous_520)
FN:22,(anonymous_521)
FN:22,(anonymous_522)
FN:22,(anonymous_523)
FN:22,(anonymous_524)
FN:22,(anonymous_525)
FN:22,(anonymous_526)
FN:22,(anonymous_527)
FN:22,(anonymous_528)
FN:22,(anonymous_529)
FN:22,(anonymous_530)
FN:22,(anonymous_531)
FN:22,(anonymous_532)
FN:22,(anonymous_533)
FN:22,(anonymous_534)
FN:22,(anonymous_535)
FN:22,(anonymous_536)
FN:22,(anonymous_537)
FN:22,(anonymous_538)
FN:22,(anonymous_539)
FN:22,(anonymous_540)
FN:22,(anonymous_541)
FN:22,(anonymous_542)
FN:22,(anonymous_543)
FN:22,(anonymous_544)
FN:22,(anonymous_545)
FN:22,(anonymous_546)
FN:22,(anonymous_547)
FN:30,(anonymous_548)
FN:30,(anonymous_549)
FN:30,(anonymous_550)
FN:30,(anonymous_551)
FN:30,(anonymous_552)
FN:30,(anonymous_553)
FN:30,(anonymous_554)
FN:30,(anonymous_555)
FN:30,(anonymous_556)
FN:30,(anonymous_557)
FN:30,(anonymous_558)
FN:30,(anonymous_559)
FN:30,(anonymous_560)
FN:30,(anonymous_561)
FN:30,(anonymous_562)
FN:30,(anonymous_563)
FN:30,(anonymous_564)
FN:30,(anonymous_565)
FN:30,(anonymous_566)
FN:30,(anonymous_567)
FN:30,(anonymous_568)
FN:30,U
FN:30,I
FN:30,D
FN:30,L
FN:30,B
FN:30,V
FN:30,(anonymous_575)
FN:30,(anonymous_576)
FN:30,(anonymous_577)
FN:30,(anonymous_578)
FN:30,(anonymous_579)
FN:30,(anonymous_580)
FN:30,(anonymous_581)
FN:30,(anonymous_582)
FN:30,(anonymous_583)
FN:30,(anonymous_584)
FN:30,(anonymous_585)
FN:30,(anonymous_586)
FN:30,a
FN:30,(anonymous_588)
FN:30,(anonymous_589)
FN:30,(anonymous_590)
FN:37,(anonymous_591)
FN:37,(anonymous_592)
FN:37,u
FN:37,(anonymous_594)
FN:37,(anonymous_595)
FN:37,(anonymous_596)
FN:37,(anonymous_597)
FN:37,(anonymous_598)
FN:37,(anonymous_599)
FN:37,(anonymous_600)
FN:37,(anonymous_601)
FN:37,(anonymous_602)
FN:37,i
FN:37,(anonymous_604)
FN:37,(anonymous_605)
FN:37,(anonymous_606)
FN:37,(anonymous_607)
FN:37,(anonymous_608)
FN:37,c
FN:37,(anonymous_610)
FN:37,(anonymous_611)
FN:37,(anonymous_612)
FN:37,(anonymous_613)
FN:37,(anonymous_614)
FN:37,(anonymous_615)
FN:37,(anonymous_616)
FN:37,(anonymous_617)
FN:37,o
FN:37,l
FN:37,a
FN:37,(anonymous_621)
FN:37,d
FN:37,p
FN:37,(anonymous_624)
FN:37,h
FN:37,m
FN:37,(anonymous_627)
FN:37,(anonymous_628)
FN:37,(anonymous_629)
FN:37,(anonymous_630)
FN:37,(anonymous_631)
FN:37,(anonymous_632)
FN:37,(anonymous_633)
FN:37,(anonymous_634)
FN:37,(anonymous_635)
FN:37,(anonymous_636)
FN:37,(anonymous_637)
FN:37,(anonymous_638)
FN:37,(anonymous_639)
FN:37,(anonymous_640)
FN:37,(anonymous_641)
FN:37,(anonymous_642)
FN:37,(anonymous_643)
FN:37,(anonymous_644)
FN:37,(anonymous_645)
FN:37,(anonymous_646)
FN:37,i
FN:37,(anonymous_648)
FN:37,(anonymous_649)
FN:37,(anonymous_650)
FN:37,(anonymous_651)
FN:37,(anonymous_652)
FN:37,(anonymous_653)
FN:37,(anonymous_654)
FN:37,(anonymous_655)
FN:37,(anonymous_656)
FN:37,(anonymous_657)
FN:37,(anonymous_658)
FN:37,(anonymous_659)
FN:37,(anonymous_660)
FN:37,(anonymous_661)
FN:37,i
FN:37,(anonymous_663)
FN:37,(anonymous_664)
FN:37,(anonymous_665)
FN:37,(anonymous_666)
FN:37,(anonymous_667)
FN:37,(anonymous_668)
FN:37,(anonymous_669)
FN:37,(anonymous_670)
FN:37,(anonymous_671)
FN:37,(anonymous_672)
FN:37,(anonymous_673)
FN:37,(anonymous_674)
FN:37,(anonymous_675)
FN:37,(anonymous_676)
FN:37,(anonymous_677)
FN:37,(anonymous_678)
FN:37,(anonymous_679)
FN:37,(anonymous_680)
FN:37,(anonymous_681)
FN:37,(anonymous_682)
FN:37,(anonymous_683)
FN:37,(anonymous_684)
FN:37,(anonymous_685)
FN:37,(anonymous_686)
FN:37,(anonymous_687)
FN:37,(anonymous_688)
FN:37,(anonymous_689)
FN:37,(anonymous_690)
FN:37,(anonymous_691)
FN:37,(anonymous_692)
FN:37,(anonymous_693)
FN:37,(anonymous_694)
FN:37,(anonymous_695)
FN:37,(anonymous_696)
FN:37,(anonymous_697)
FN:37,(anonymous_698)
FN:37,(anonymous_699)
FN:37,(anonymous_700)
FN:37,(anonymous_701)
FN:37,(anonymous_702)
FN:37,(anonymous_703)
FN:37,(anonymous_704)
FN:37,(anonymous_705)
FN:37,(anonymous_706)
FN:37,(anonymous_707)
FN:37,(anonymous_708)
FN:37,(anonymous_709)
FN:37,(anonymous_710)
FN:37,(anonymous_711)
FN:37,(anonymous_712)
FN:37,(anonymous_713)
FN:37,(anonymous_714)
FN:37,(anonymous_715)
FN:37,(anonymous_716)
FN:37,(anonymous_717)
FN:37,(anonymous_718)
FN:37,(anonymous_719)
FN:37,(anonymous_720)
FN:37,(anonymous_721)
FN:37,(anonymous_722)
FN:37,(anonymous_723)
FN:37,(anonymous_724)
FN:37,(anonymous_725)
FN:37,(anonymous_726)
FN:37,(anonymous_727)
FN:37,(anonymous_728)
FN:37,(anonymous_729)
FN:37,(anonymous_730)
FN:37,(anonymous_731)
FN:37,(anonymous_732)
FN:37,(anonymous_733)
FN:37,(anonymous_734)
FN:37,(anonymous_735)
FN:37,(anonymous_736)
FN:37,(anonymous_737)
FN:37,(anonymous_738)
FN:37,(anonymous_739)
FN:37,(anonymous_740)
FN:37,(anonymous_741)
FN:37,(anonymous_742)
FN:37,(anonymous_743)
FN:37,(anonymous_744)
FN:37,(anonymous_745)
FN:37,(anonymous_746)
FN:37,(anonymous_747)
FN:37,(anonymous_748)
FN:37,(anonymous_749)
FN:37,(anonymous_750)
FN:37,(anonymous_751)
FN:37,(anonymous_752)
FN:37,(anonymous_753)
FN:37,(anonymous_754)
FN:37,(anonymous_755)
FN:37,(anonymous_756)
FN:37,(anonymous_757)
FN:37,(anonymous_758)
FN:37,(anonymous_759)
FN:37,(anonymous_760)
FN:37,(anonymous_761)
FN:37,(anonymous_762)
FN:37,(anonymous_763)
FN:37,(anonymous_764)
FN:37,(anonymous_765)
FN:37,(anonymous_766)
FN:37,(anonymous_767)
FN:37,(anonymous_768)
FN:37,(anonymous_769)
FN:37,(anonymous_770)
FN:37,(anonymous_771)
FN:37,(anonymous_772)
FN:37,(anonymous_773)
FN:37,(anonymous_774)
FN:37,(anonymous_775)
FN:37,(anonymous_776)
FN:37,(anonymous_777)
FN:37,(anonymous_778)
FN:37,(anonymous_779)
FN:37,(anonymous_780)
FN:37,(anonymous_781)
FN:37,(anonymous_782)
FN:37,(anonymous_783)
FN:37,(anonymous_784)
FN:37,(anonymous_785)
FN:37,(anonymous_786)
FN:37,(anonymous_787)
FN:37,(anonymous_788)
FN:37,(anonymous_789)
FN:37,(anonymous_790)
FN:37,(anonymous_791)
FN:37,(anonymous_792)
FN:37,(anonymous_793)
FN:37,(anonymous_794)
FN:37,(anonymous_795)
FN:37,(anonymous_796)
FN:37,(anonymous_797)
FN:37,(anonymous_798)
FN:37,(anonymous_799)
FN:37,(anonymous_800)
FN:37,(anonymous_801)
FN:37,(anonymous_802)
FN:37,(anonymous_803)
FN:37,(anonymous_804)
FN:37,(anonymous_805)
FN:37,(anonymous_806)
FN:37,(anonymous_807)
FN:37,(anonymous_808)
FN:37,(anonymous_809)
FN:37,(anonymous_810)
FN:37,(anonymous_811)
FN:37,(anonymous_812)
FN:37,(anonymous_813)
FN:37,(anonymous_814)
FN:37,(anonymous_815)
FN:37,(anonymous_816)
FN:37,(anonymous_817)
FN:37,(anonymous_818)
FN:37,(anonymous_819)
FN:37,(anonymous_820)
FN:37,(anonymous_821)
FN:37,(anonymous_822)
FN:37,(anonymous_823)
FN:37,(anonymous_824)
FN:37,(anonymous_825)
FN:37,(anonymous_826)
FN:37,(anonymous_827)
FN:37,(anonymous_828)
FN:37,(anonymous_829)
FN:37,(anonymous_830)
FN:37,(anonymous_831)
FN:37,(anonymous_832)
FN:37,(anonymous_833)
FN:37,(anonymous_834)
FN:37,(anonymous_835)
FN:37,(anonymous_836)
FN:37,(anonymous_837)
FN:37,(anonymous_838)
FN:37,(anonymous_839)
FN:37,(anonymous_840)
FN:37,(anonymous_841)
FN:37,(anonymous_842)
FN:37,(anonymous_843)
FN:37,(anonymous_844)
FN:37,(anonymous_845)
FN:37,(anonymous_846)
FN:37,(anonymous_847)
FN:37,(anonymous_848)
FN:37,(anonymous_849)
FN:37,(anonymous_850)
FN:37,(anonymous_851)
FN:37,(anonymous_852)
FN:37,(anonymous_853)
FN:37,(anonymous_854)
FN:37,(anonymous_855)
FN:37,s
FN:37,(anonymous_857)
FN:37,(anonymous_858)
FN:37,f
FN:37,d
FN:37,(anonymous_861)
FN:37,p
FN:37,(anonymous_863)
FN:37,h
FN:37,(anonymous_865)
FN:37,(anonymous_866)
FN:37,t
FN:37,(anonymous_868)
FN:37,(anonymous_869)
FN:37,(anonymous_870)
FN:37,(anonymous_871)
FN:37,(anonymous_872)
FN:37,(anonymous_873)
FN:37,(anonymous_874)
FN:37,(anonymous_875)
FNF:876
FNH:0
FNDA:0,(anonymous_0)
FNDA:0,n
FNDA:0,(anonymous_2)
FNDA:0,(anonymous_3)
FNDA:0,(anonymous_4)
FNDA:0,(anonymous_5)
FNDA:0,(anonymous_6)
FNDA:0,(anonymous_7)
FNDA:0,(anonymous_8)
FNDA:0,(anonymous_9)
FNDA:0,(anonymous_10)
FNDA:0,l
FNDA:0,a
FNDA:0,u
FNDA:0,c
FNDA:0,(anonymous_15)
FNDA:0,(anonymous_16)
FNDA:0,(anonymous_17)
FNDA:0,(anonymous_18)
FNDA:0,(anonymous_19)
FNDA:0,(anonymous_20)
FNDA:0,(anonymous_21)
FNDA:0,(anonymous_22)
FNDA:0,(anonymous_23)
FNDA:0,(anonymous_24)
FNDA:0,(anonymous_25)
FNDA:0,(anonymous_26)
FNDA:0,e
FNDA:0,n
FNDA:0,e
FNDA:0,n
FNDA:0,(anonymous_31)
FNDA:0,(anonymous_32)
FNDA:0,(anonymous_33)
FNDA:0,(anonymous_34)
FNDA:0,(anonymous_35)
FNDA:0,l
FNDA:0,(anonymous_37)
FNDA:0,(anonymous_38)
FNDA:0,(anonymous_39)
FNDA:0,(anonymous_40)
FNDA:0,(anonymous_41)
FNDA:0,(anonymous_42)
FNDA:0,(anonymous_43)
FNDA:0,(anonymous_44)
FNDA:0,i
FNDA:0,(anonymous_46)
FNDA:0,(anonymous_47)
FNDA:0,(anonymous_48)
FNDA:0,(anonymous_49)
FNDA:0,(anonymous_50)
FNDA:0,(anonymous_51)
FNDA:0,(anonymous_52)
FNDA:0,l
FNDA:0,(anonymous_54)
FNDA:0,(anonymous_55)
FNDA:0,(anonymous_56)
FNDA:0,(anonymous_57)
FNDA:0,(anonymous_58)
FNDA:0,(anonymous_59)
FNDA:0,(anonymous_60)
FNDA:0,(anonymous_61)
FNDA:0,(anonymous_62)
FNDA:0,(anonymous_63)
FNDA:0,(anonymous_64)
FNDA:0,(anonymous_65)
FNDA:0,(anonymous_66)
FNDA:0,(anonymous_67)
FNDA:0,(anonymous_68)
FNDA:0,(anonymous_69)
FNDA:0,(anonymous_70)
FNDA:0,(anonymous_71)
FNDA:0,(anonymous_72)
FNDA:0,(anonymous_73)
FNDA:0,(anonymous_74)
FNDA:0,(anonymous_75)
FNDA:0,r
FNDA:0,(anonymous_77)
FNDA:0,(anonymous_78)
FNDA:0,e
FNDA:0,(anonymous_80)
FNDA:0,(anonymous_81)
FNDA:0,g
FNDA:0,(anonymous_83)
FNDA:0,(anonymous_84)
FNDA:0,(anonymous_85)
FNDA:0,(anonymous_86)
FNDA:0,k
FNDA:0,x
FNDA:0,E
FNDA:0,(anonymous_90)
FNDA:0,(anonymous_91)
FNDA:0,O
FNDA:0,R
FNDA:0,j
FNDA:0,A
FNDA:0,F
FNDA:0,e
FNDA:0,U
FNDA:0,(anonymous_99)
FNDA:0,(anonymous_100)
FNDA:0,I
FNDA:0,D
FNDA:0,(anonymous_103)
FNDA:0,(anonymous_104)
FNDA:0,L
FNDA:0,B
FNDA:0,(anonymous_107)
FNDA:0,(anonymous_108)
FNDA:0,(anonymous_109)
FNDA:0,(anonymous_110)
FNDA:0,(anonymous_111)
FNDA:0,(anonymous_112)
FNDA:0,(anonymous_113)
FNDA:0,(anonymous_114)
FNDA:0,(anonymous_115)
FNDA:0,(anonymous_116)
FNDA:0,(anonymous_117)
FNDA:0,(anonymous_118)
FNDA:0,(anonymous_119)
FNDA:0,(anonymous_120)
FNDA:0,(anonymous_121)
FNDA:0,(anonymous_122)
FNDA:0,(anonymous_123)
FNDA:0,(anonymous_124)
FNDA:0,(anonymous_125)
FNDA:0,(anonymous_126)
FNDA:0,(anonymous_127)
FNDA:0,(anonymous_128)
FNDA:0,(anonymous_129)
FNDA:0,(anonymous_130)
FNDA:0,(anonymous_131)
FNDA:0,(anonymous_132)
FNDA:0,l
FNDA:0,c
FNDA:0,s
FNDA:0,m
FNDA:0,(anonymous_137)
FNDA:0,k
FNDA:0,_
FNDA:0,(anonymous_140)
FNDA:0,S
FNDA:0,C
FNDA:0,N
FNDA:0,O
FNDA:0,(anonymous_145)
FNDA:0,(anonymous_146)
FNDA:0,z
FNDA:0,F
FNDA:0,U
FNDA:0,I
FNDA:0,D
FNDA:0,L
FNDA:0,B
FNDA:0,V
FNDA:0,W
FNDA:0,H
FNDA:0,q
FNDA:0,Q
FNDA:0,G
FNDA:0,le
FNDA:0,ae
FNDA:0,ue
FNDA:0,ce
FNDA:0,se
FNDA:0,fe
FNDA:0,de
FNDA:0,(anonymous_167)
FNDA:0,(anonymous_168)
FNDA:0,(anonymous_169)
FNDA:0,(anonymous_170)
FNDA:0,(anonymous_171)
FNDA:0,(anonymous_172)
FNDA:0,(anonymous_173)
FNDA:0,t
FNDA:0,n
FNDA:0,Ee
FNDA:0,Te
FNDA:0,(anonymous_178)
FNDA:0,(anonymous_179)
FNDA:0,(anonymous_180)
FNDA:0,Oe
FNDA:0,Re
FNDA:0,ze
FNDA:0,Me
FNDA:0,je
FNDA:0,Ae
FNDA:0,Ie
FNDA:0,Le
FNDA:0,Be
FNDA:0,Ve
FNDA:0,We
FNDA:0,He
FNDA:0,(anonymous_193)
FNDA:0,(anonymous_194)
FNDA:0,(anonymous_195)
FNDA:0,(anonymous_196)
FNDA:0,(anonymous_197)
FNDA:0,(anonymous_198)
FNDA:0,qe
FNDA:0,ct
FNDA:0,st
FNDA:0,ft
FNDA:0,vt
FNDA:0,(anonymous_204)
FNDA:0,(anonymous_205)
FNDA:0,(anonymous_206)
FNDA:0,(anonymous_207)
FNDA:0,(anonymous_208)
FNDA:0,(anonymous_209)
FNDA:0,(anonymous_210)
FNDA:0,(anonymous_211)
FNDA:0,(anonymous_212)
FNDA:0,bt
FNDA:0,wt
FNDA:0,(anonymous_215)
FNDA:0,(anonymous_216)
FNDA:0,(anonymous_217)
FNDA:0,kt
FNDA:0,xt
FNDA:0,Et
FNDA:0,Tt
FNDA:0,_t
FNDA:0,St
FNDA:0,Ct
FNDA:0,(anonymous_225)
FNDA:0,(anonymous_226)
FNDA:0,(anonymous_227)
FNDA:0,(anonymous_228)
FNDA:0,(anonymous_229)
FNDA:0,Nt
FNDA:0,zt
FNDA:0,Mt
FNDA:0,jt
FNDA:0,Ft
FNDA:0,Ut
FNDA:0,It
FNDA:0,Dt
FNDA:0,Lt
FNDA:0,Bt
FNDA:0,(anonymous_240)
FNDA:0,qt
FNDA:0,$t
FNDA:0,(anonymous_243)
FNDA:0,(anonymous_244)
FNDA:0,(anonymous_245)
FNDA:0,(anonymous_246)
FNDA:0,tn
FNDA:0,rn
FNDA:0,on
FNDA:0,ln
FNDA:0,an
FNDA:0,un
FNDA:0,(anonymous_253)
FNDA:0,(anonymous_254)
FNDA:0,dn
FNDA:0,(anonymous_256)
FNDA:0,(anonymous_257)
FNDA:0,(anonymous_258)
FNDA:0,(anonymous_259)
FNDA:0,(anonymous_260)
FNDA:0,(anonymous_261)
FNDA:0,(anonymous_262)
FNDA:0,(anonymous_263)
FNDA:0,Mn
FNDA:0,An
FNDA:0,Fn
FNDA:0,Un
FNDA:0,In
FNDA:0,Dn
FNDA:0,Bn
FNDA:0,Vn
FNDA:0,Wn
FNDA:0,Hn
FNDA:0,qn
FNDA:0,$n
FNDA:0,Zn
FNDA:0,(anonymous_277)
FNDA:0,tr
FNDA:0,(anonymous_279)
FNDA:0,(anonymous_280)
FNDA:0,nr
FNDA:0,rr
FNDA:0,ir
FNDA:0,or
FNDA:0,lr
FNDA:0,ur
FNDA:0,cr
FNDA:0,(anonymous_288)
FNDA:0,(anonymous_289)
FNDA:0,(anonymous_290)
FNDA:0,(anonymous_291)
FNDA:0,dr
FNDA:0,mr
FNDA:0,vr
FNDA:0,(anonymous_295)
FNDA:0,(anonymous_296)
FNDA:0,gr
FNDA:0,br
FNDA:0,wr
FNDA:0,kr
FNDA:0,Tr
FNDA:0,_r
FNDA:0,Pr
FNDA:0,Rr
FNDA:0,zr
FNDA:0,Ur
FNDA:0,Ir
FNDA:0,Dr
FNDA:0,Lr
FNDA:0,Br
FNDA:0,Vr
FNDA:0,Wr
FNDA:0,Hr
FNDA:0,(anonymous_314)
FNDA:0,(anonymous_315)
FNDA:0,si
FNDA:0,fi
FNDA:0,di
FNDA:0,pi
FNDA:0,hi
FNDA:0,mi
FNDA:0,vi
FNDA:0,(anonymous_323)
FNDA:0,yi
FNDA:0,gi
FNDA:0,Ei
FNDA:0,Ti
FNDA:0,_i
FNDA:0,Si
FNDA:0,Ci
FNDA:0,Pi
FNDA:0,Oi
FNDA:0,Ri
FNDA:0,zi
FNDA:0,Mi
FNDA:0,ji
FNDA:0,Ai
FNDA:0,Fi
FNDA:0,Ui
FNDA:0,Ii
FNDA:0,Di
FNDA:0,Li
FNDA:0,Wi
FNDA:0,(anonymous_344)
FNDA:0,(anonymous_345)
FNDA:0,(anonymous_346)
FNDA:0,(anonymous_347)
FNDA:0,qi
FNDA:0,$i
FNDA:0,Qi
FNDA:0,Ki
FNDA:0,Yi
FNDA:0,(anonymous_353)
FNDA:0,Gi
FNDA:0,Ji
FNDA:0,t
FNDA:0,n
FNDA:0,r
FNDA:0,i
FNDA:0,o
FNDA:0,a
FNDA:0,u
FNDA:0,c
FNDA:0,s
FNDA:0,f
FNDA:0,d
FNDA:0,p
FNDA:0,h
FNDA:0,m
FNDA:0,(anonymous_370)
FNDA:0,v
FNDA:0,(anonymous_372)
FNDA:0,(anonymous_373)
FNDA:0,oo
FNDA:0,lo
FNDA:0,ao
FNDA:0,uo
FNDA:0,co
FNDA:0,mo
FNDA:0,Io
FNDA:0,Do
FNDA:0,Lo
FNDA:0,Bo
FNDA:0,Vo
FNDA:0,Wo
FNDA:0,Ho
FNDA:0,qo
FNDA:0,$o
FNDA:0,Qo
FNDA:0,Ko
FNDA:0,Xo
FNDA:0,(anonymous_392)
FNDA:0,(anonymous_393)
FNDA:0,Yo
FNDA:0,Go
FNDA:0,(anonymous_396)
FNDA:0,(anonymous_397)
FNDA:0,(anonymous_398)
FNDA:0,(anonymous_399)
FNDA:0,(anonymous_400)
FNDA:0,(anonymous_401)
FNDA:0,(anonymous_402)
FNDA:0,(anonymous_403)
FNDA:0,(anonymous_404)
FNDA:0,(anonymous_405)
FNDA:0,(anonymous_406)
FNDA:0,(anonymous_407)
FNDA:0,(anonymous_408)
FNDA:0,(anonymous_409)
FNDA:0,(anonymous_410)
FNDA:0,il
FNDA:0,ol
FNDA:0,ll
FNDA:0,al
FNDA:0,ul
FNDA:0,cl
FNDA:0,dl
FNDA:0,pl
FNDA:0,hl
FNDA:0,ml
FNDA:0,vl
FNDA:0,yl
FNDA:0,gl
FNDA:0,bl
FNDA:0,wl
FNDA:0,xl
FNDA:0,El
FNDA:0,Tl
FNDA:0,_l
FNDA:0,Sl
FNDA:0,Rl
FNDA:0,zl
FNDA:0,Ml
FNDA:0,(anonymous_434)
FNDA:0,(anonymous_435)
FNDA:0,(anonymous_436)
FNDA:0,(anonymous_437)
FNDA:0,Al
FNDA:0,(anonymous_439)
FNDA:0,Fl
FNDA:0,Ul
FNDA:0,Il
FNDA:0,(anonymous_443)
FNDA:0,(anonymous_444)
FNDA:0,Dl
FNDA:0,Ll
FNDA:0,Bl
FNDA:0,Vl
FNDA:0,Wl
FNDA:0,Hl
FNDA:0,(anonymous_451)
FNDA:0,$l
FNDA:0,(anonymous_453)
FNDA:0,Ql
FNDA:0,(anonymous_455)
FNDA:0,(anonymous_456)
FNDA:0,Na
FNDA:0,Oa
FNDA:0,za
FNDA:0,Ma
FNDA:0,ja
FNDA:0,Aa
FNDA:0,Fa
FNDA:0,(anonymous_464)
FNDA:0,(anonymous_465)
FNDA:0,Ua
FNDA:0,Ia
FNDA:0,Da
FNDA:0,La
FNDA:0,Ba
FNDA:0,(anonymous_471)
FNDA:0,(anonymous_472)
FNDA:0,Va
FNDA:0,Wa
FNDA:0,Ha
FNDA:0,qa
FNDA:0,(anonymous_477)
FNDA:0,$a
FNDA:0,e
FNDA:0,Qa
FNDA:0,Ka
FNDA:0,Xa
FNDA:0,Ya
FNDA:0,Ga
FNDA:0,Ja
FNDA:0,(anonymous_486)
FNDA:0,(anonymous_487)
FNDA:0,(anonymous_488)
FNDA:0,(anonymous_489)
FNDA:0,(anonymous_490)
FNDA:0,nu
FNDA:0,ru
FNDA:0,iu
FNDA:0,ou
FNDA:0,lu
FNDA:0,au
FNDA:0,uu
FNDA:0,cu
FNDA:0,su
FNDA:0,fu
FNDA:0,du
FNDA:0,pu
FNDA:0,hu
FNDA:0,mu
FNDA:0,vu
FNDA:0,yu
FNDA:0,gu
FNDA:0,bu
FNDA:0,wu
FNDA:0,(anonymous_510)
FNDA:0,(anonymous_511)
FNDA:0,(anonymous_512)
FNDA:0,(anonymous_513)
FNDA:0,ku
FNDA:0,(anonymous_515)
FNDA:0,(anonymous_516)
FNDA:0,(anonymous_517)
FNDA:0,(anonymous_518)
FNDA:0,(anonymous_519)
FNDA:0,(anonymous_520)
FNDA:0,(anonymous_521)
FNDA:0,(anonymous_522)
FNDA:0,(anonymous_523)
FNDA:0,(anonymous_524)
FNDA:0,(anonymous_525)
FNDA:0,(anonymous_526)
FNDA:0,(anonymous_527)
FNDA:0,(anonymous_528)
FNDA:0,(anonymous_529)
FNDA:0,(anonymous_530)
FNDA:0,(anonymous_531)
FNDA:0,(anonymous_532)
FNDA:0,(anonymous_533)
FNDA:0,(anonymous_534)
FNDA:0,(anonymous_535)
FNDA:0,(anonymous_536)
FNDA:0,(anonymous_537)
FNDA:0,(anonymous_538)
FNDA:0,(anonymous_539)
FNDA:0,(anonymous_540)
FNDA:0,(anonymous_541)
FNDA:0,(anonymous_542)
FNDA:0,(anonymous_543)
FNDA:0,(anonymous_544)
FNDA:0,(anonymous_545)
FNDA:0,(anonymous_546)
FNDA:0,(anonymous_547)
FNDA:0,(anonymous_548)
FNDA:0,(anonymous_549)
FNDA:0,(anonymous_550)
FNDA:0,(anonymous_551)
FNDA:0,(anonymous_552)
FNDA:0,(anonymous_553)
FNDA:0,(anonymous_554)
FNDA:0,(anonymous_555)
FNDA:0,(anonymous_556)
FNDA:0,(anonymous_557)
FNDA:0,(anonymous_558)
FNDA:0,(anonymous_559)
FNDA:0,(anonymous_560)
FNDA:0,(anonymous_561)
FNDA:0,(anonymous_562)
FNDA:0,(anonymous_563)
FNDA:0,(anonymous_564)
FNDA:0,(anonymous_565)
FNDA:0,(anonymous_566)
FNDA:0,(anonymous_567)
FNDA:0,(anonymous_568)
FNDA:0,U
FNDA:0,I
FNDA:0,D
FNDA:0,L
FNDA:0,B
FNDA:0,V
FNDA:0,(anonymous_575)
FNDA:0,(anonymous_576)
FNDA:0,(anonymous_577)
FNDA:0,(anonymous_578)
FNDA:0,(anonymous_579)
FNDA:0,(anonymous_580)
FNDA:0,(anonymous_581)
FNDA:0,(anonymous_582)
FNDA:0,(anonymous_583)
FNDA:0,(anonymous_584)
FNDA:0,(anonymous_585)
FNDA:0,(anonymous_586)
FNDA:0,a
FNDA:0,(anonymous_588)
FNDA:0,(anonymous_589)
FNDA:0,(anonymous_590)
FNDA:0,(anonymous_591)
FNDA:0,(anonymous_592)
FNDA:0,u
FNDA:0,(anonymous_594)
FNDA:0,(anonymous_595)
FNDA:0,(anonymous_596)
FNDA:0,(anonymous_597)
FNDA:0,(anonymous_598)
FNDA:0,(anonymous_599)
FNDA:0,(anonymous_600)
FNDA:0,(anonymous_601)
FNDA:0,(anonymous_602)
FNDA:0,i
FNDA:0,(anonymous_604)
FNDA:0,(anonymous_605)
FNDA:0,(anonymous_606)
FNDA:0,(anonymous_607)
FNDA:0,(anonymous_608)
FNDA:0,c
FNDA:0,(anonymous_610)
FNDA:0,(anonymous_611)
FNDA:0,(anonymous_612)
FNDA:0,(anonymous_613)
FNDA:0,(anonymous_614)
FNDA:0,(anonymous_615)
FNDA:0,(anonymous_616)
FNDA:0,(anonymous_617)
FNDA:0,o
FNDA:0,l
FNDA:0,a
FNDA:0,(anonymous_621)
FNDA:0,d
FNDA:0,p
FNDA:0,(anonymous_624)
FNDA:0,h
FNDA:0,m
FNDA:0,(anonymous_627)
FNDA:0,(anonymous_628)
FNDA:0,(anonymous_629)
FNDA:0,(anonymous_630)
FNDA:0,(anonymous_631)
FNDA:0,(anonymous_632)
FNDA:0,(anonymous_633)
FNDA:0,(anonymous_634)
FNDA:0,(anonymous_635)
FNDA:0,(anonymous_636)
FNDA:0,(anonymous_637)
FNDA:0,(anonymous_638)
FNDA:0,(anonymous_639)
FNDA:0,(anonymous_640)
FNDA:0,(anonymous_641)
FNDA:0,(anonymous_642)
FNDA:0,(anonymous_643)
FNDA:0,(anonymous_644)
FNDA:0,(anonymous_645)
FNDA:0,(anonymous_646)
FNDA:0,i
FNDA:0,(anonymous_648)
FNDA:0,(anonymous_649)
FNDA:0,(anonymous_650)
FNDA:0,(anonymous_651)
FNDA:0,(anonymous_652)
FNDA:0,(anonymous_653)
FNDA:0,(anonymous_654)
FNDA:0,(anonymous_655)
FNDA:0,(anonymous_656)
FNDA:0,(anonymous_657)
FNDA:0,(anonymous_658)
FNDA:0,(anonymous_659)
FNDA:0,(anonymous_660)
FNDA:0,(anonymous_661)
FNDA:0,i
FNDA:0,(anonymous_663)
FNDA:0,(anonymous_664)
FNDA:0,(anonymous_665)
FNDA:0,(anonymous_666)
FNDA:0,(anonymous_667)
FNDA:0,(anonymous_668)
FNDA:0,(anonymous_669)
FNDA:0,(anonymous_670)
FNDA:0,(anonymous_671)
FNDA:0,(anonymous_672)
FNDA:0,(anonymous_673)
FNDA:0,(anonymous_674)
FNDA:0,(anonymous_675)
FNDA:0,(anonymous_676)
FNDA:0,(anonymous_677)
FNDA:0,(anonymous_678)
FNDA:0,(anonymous_679)
FNDA:0,(anonymous_680)
FNDA:0,(anonymous_681)
FNDA:0,(anonymous_682)
FNDA:0,(anonymous_683)
FNDA:0,(anonymous_684)
FNDA:0,(anonymous_685)
FNDA:0,(anonymous_686)
FNDA:0,(anonymous_687)
FNDA:0,(anonymous_688)
FNDA:0,(anonymous_689)
FNDA:0,(anonymous_690)
FNDA:0,(anonymous_691)
FNDA:0,(anonymous_692)
FNDA:0,(anonymous_693)
FNDA:0,(anonymous_694)
FNDA:0,(anonymous_695)
FNDA:0,(anonymous_696)
FNDA:0,(anonymous_697)
FNDA:0,(anonymous_698)
FNDA:0,(anonymous_699)
FNDA:0,(anonymous_700)
FNDA:0,(anonymous_701)
FNDA:0,(anonymous_702)
FNDA:0,(anonymous_703)
FNDA:0,(anonymous_704)
FNDA:0,(anonymous_705)
FNDA:0,(anonymous_706)
FNDA:0,(anonymous_707)
FNDA:0,(anonymous_708)
FNDA:0,(anonymous_709)
FNDA:0,(anonymous_710)
FNDA:0,(anonymous_711)
FNDA:0,(anonymous_712)
FNDA:0,(anonymous_713)
FNDA:0,(anonymous_714)
FNDA:0,(anonymous_715)
FNDA:0,(anonymous_716)
FNDA:0,(anonymous_717)
FNDA:0,(anonymous_718)
FNDA:0,(anonymous_719)
FNDA:0,(anonymous_720)
FNDA:0,(anonymous_721)
FNDA:0,(anonymous_722)
FNDA:0,(anonymous_723)
FNDA:0,(anonymous_724)
FNDA:0,(anonymous_725)
FNDA:0,(anonymous_726)
FNDA:0,(anonymous_727)
FNDA:0,(anonymous_728)
FNDA:0,(anonymous_729)
FNDA:0,(anonymous_730)
FNDA:0,(anonymous_731)
FNDA:0,(anonymous_732)
FNDA:0,(anonymous_733)
FNDA:0,(anonymous_734)
FNDA:0,(anonymous_735)
FNDA:0,(anonymous_736)
FNDA:0,(anonymous_737)
FNDA:0,(anonymous_738)
FNDA:0,(anonymous_739)
FNDA:0,(anonymous_740)
FNDA:0,(anonymous_741)
FNDA:0,(anonymous_742)
FNDA:0,(anonymous_743)
FNDA:0,(anonymous_744)
FNDA:0,(anonymous_745)
FNDA:0,(anonymous_746)
FNDA:0,(anonymous_747)
FNDA:0,(anonymous_748)
FNDA:0,(anonymous_749)
FNDA:0,(anonymous_750)
FNDA:0,(anonymous_751)
FNDA:0,(anonymous_752)
FNDA:0,(anonymous_753)
FNDA:0,(anonymous_754)
FNDA:0,(anonymous_755)
FNDA:0,(anonymous_756)
FNDA:0,(anonymous_757)
FNDA:0,(anonymous_758)
FNDA:0,(anonymous_759)
FNDA:0,(anonymous_760)
FNDA:0,(anonymous_761)
FNDA:0,(anonymous_762)
FNDA:0,(anonymous_763)
FNDA:0,(anonymous_764)
FNDA:0,(anonymous_765)
FNDA:0,(anonymous_766)
FNDA:0,(anonymous_767)
FNDA:0,(anonymous_768)
FNDA:0,(anonymous_769)
FNDA:0,(anonymous_770)
FNDA:0,(anonymous_771)
FNDA:0,(anonymous_772)
FNDA:0,(anonymous_773)
FNDA:0,(anonymous_774)
FNDA:0,(anonymous_775)
FNDA:0,(anonymous_776)
FNDA:0,(anonymous_777)
FNDA:0,(anonymous_778)
FNDA:0,(anonymous_779)
FNDA:0,(anonymous_780)
FNDA:0,(anonymous_781)
FNDA:0,(anonymous_782)
FNDA:0,(anonymous_783)
FNDA:0,(anonymous_784)
FNDA:0,(anonymous_785)
FNDA:0,(anonymous_786)
FNDA:0,(anonymous_787)
FNDA:0,(anonymous_788)
FNDA:0,(anonymous_789)
FNDA:0,(anonymous_790)
FNDA:0,(anonymous_791)
FNDA:0,(anonymous_792)
FNDA:0,(anonymous_793)
FNDA:0,(anonymous_794)
FNDA:0,(anonymous_795)
FNDA:0,(anonymous_796)
FNDA:0,(anonymous_797)
FNDA:0,(anonymous_798)
FNDA:0,(anonymous_799)
FNDA:0,(anonymous_800)
FNDA:0,(anonymous_801)
FNDA:0,(anonymous_802)
FNDA:0,(anonymous_803)
FNDA:0,(anonymous_804)
FNDA:0,(anonymous_805)
FNDA:0,(anonymous_806)
FNDA:0,(anonymous_807)
FNDA:0,(anonymous_808)
FNDA:0,(anonymous_809)
FNDA:0,(anonymous_810)
FNDA:0,(anonymous_811)
FNDA:0,(anonymous_812)
FNDA:0,(anonymous_813)
FNDA:0,(anonymous_814)
FNDA:0,(anonymous_815)
FNDA:0,(anonymous_816)
FNDA:0,(anonymous_817)
FNDA:0,(anonymous_818)
FNDA:0,(anonymous_819)
FNDA:0,(anonymous_820)
FNDA:0,(anonymous_821)
FNDA:0,(anonymous_822)
FNDA:0,(anonymous_823)
FNDA:0,(anonymous_824)
FNDA:0,(anonymous_825)
FNDA:0,(anonymous_826)
FNDA:0,(anonymous_827)
FNDA:0,(anonymous_828)
FNDA:0,(anonymous_829)
FNDA:0,(anonymous_830)
FNDA:0,(anonymous_831)
FNDA:0,(anonymous_832)
FNDA:0,(anonymous_833)
FNDA:0,(anonymous_834)
FNDA:0,(anonymous_835)
FNDA:0,(anonymous_836)
FNDA:0,(anonymous_837)
FNDA:0,(anonymous_838)
FNDA:0,(anonymous_839)
FNDA:0,(anonymous_840)
FNDA:0,(anonymous_841)
FNDA:0,(anonymous_842)
FNDA:0,(anonymous_843)
FNDA:0,(anonymous_844)
FNDA:0,(anonymous_845)
FNDA:0,(anonymous_846)
FNDA:0,(anonymous_847)
FNDA:0,(anonymous_848)
FNDA:0,(anonymous_849)
FNDA:0,(anonymous_850)
FNDA:0,(anonymous_851)
FNDA:0,(anonymous_852)
FNDA:0,(anonymous_853)
FNDA:0,(anonymous_854)
FNDA:0,(anonymous_855)
FNDA:0,s
FNDA:0,(anonymous_857)
FNDA:0,(anonymous_858)
FNDA:0,f
FNDA:0,d
FNDA:0,(anonymous_861)
FNDA:0,p
FNDA:0,(anonymous_863)
FNDA:0,h
FNDA:0,(anonymous_865)
FNDA:0,(anonymous_866)
FNDA:0,t
FNDA:0,(anonymous_868)
FNDA:0,(anonymous_869)
FNDA:0,(anonymous_870)
FNDA:0,(anonymous_871)
FNDA:0,(anonymous_872)
FNDA:0,(anonymous_873)
FNDA:0,(anonymous_874)
FNDA:0,(anonymous_875)
DA:1,0
DA:6,0
DA:14,0
DA:22,0
DA:30,0
DA:37,0
LF:6
LH:0
BRDA:1,0,0,0
BRDA:1,0,1,0
BRDA:1,1,0,0
BRDA:1,1,1,0
BRDA:1,2,0,0
BRDA:1,2,1,0
BRDA:1,2,2,0
BRDA:1,3,0,0
BRDA:1,3,1,0
BRDA:1,4,0,0
BRDA:1,4,1,0
BRDA:1,5,0,0
BRDA:1,5,1,0
BRDA:1,6,0,0
BRDA:1,6,1,0
BRDA:1,6,2,0
BRDA:1,6,3,0
BRDA:1,7,0,0
BRDA:1,7,1,0
BRDA:1,8,0,0
BRDA:1,8,1,0
BRDA:1,9,0,0
BRDA:1,9,1,0
BRDA:1,10,0,0
BRDA:1,10,1,0
BRDA:1,11,0,0
BRDA:1,11,1,0
BRDA:1,12,0,0
BRDA:1,12,1,0
BRDA:1,13,0,0
BRDA:1,13,1,0
BRDA:1,14,0,0
BRDA:1,14,1,0
BRDA:1,15,0,0
BRDA:1,15,1,0
BRDA:1,16,0,0
BRDA:1,16,1,0
BRDA:1,17,0,0
BRDA:1,17,1,0
BRDA:1,18,0,0
BRDA:1,18,1,0
BRDA:1,19,0,0
BRDA:1,19,1,0
BRDA:1,19,2,0
BRDA:1,20,0,0
BRDA:1,20,1,0
BRDA:1,21,0,0
BRDA:1,21,1,0
BRDA:1,22,0,0
BRDA:1,22,1,0
BRDA:1,22,2,0
BRDA:1,22,3,0
BRDA:1,22,4,0
BRDA:1,22,5,0
BRDA:1,23,0,0
BRDA:1,23,1,0
BRDA:1,24,0,0
BRDA:1,24,1,0
BRDA:1,25,0,0
BRDA:1,25,1,0
BRDA:1,26,0,0
BRDA:1,26,1,0
BRDA:1,27,0,0
BRDA:1,27,1,0
BRDA:1,28,0,0
BRDA:1,28,1,0
BRDA:1,29,0,0
BRDA:1,29,1,0
BRDA:6,30,0,0
BRDA:6,30,1,0
BRDA:6,31,0,0
BRDA:6,31,1,0
BRDA:6,32,0,0
BRDA:6,32,1,0
BRDA:6,33,0,0
BRDA:6,33,1,0
BRDA:6,34,0,0
BRDA:6,34,1,0
BRDA:6,35,0,0
BRDA:6,35,1,0
BRDA:6,36,0,0
BRDA:6,36,1,0
BRDA:6,37,0,0
BRDA:6,37,1,0
BRDA:6,38,0,0
BRDA:6,38,1,0
BRDA:6,39,0,0
BRDA:6,39,1,0
BRDA:6,40,0,0
BRDA:6,40,1,0
BRDA:6,41,0,0
BRDA:6,41,1,0
BRDA:6,42,0,0
BRDA:6,42,1,0
BRDA:6,43,0,0
BRDA:6,43,1,0
BRDA:6,44,0,0
BRDA:6,44,1,0
BRDA:6,45,0,0
BRDA:6,45,1,0
BRDA:6,46,0,0
BRDA:6,46,1,0
BRDA:6,47,0,0
BRDA:6,47,1,0
BRDA:6,48,0,0
BRDA:6,48,1,0
BRDA:6,49,0,0
BRDA:6,49,1,0
BRDA:6,49,2,0
BRDA:6,50,0,0
BRDA:6,50,1,0
BRDA:6,51,0,0
BRDA:6,51,1,0
BRDA:6,52,0,0
BRDA:6,52,1,0
BRDA:6,53,0,0
BRDA:6,53,1,0
BRDA:6,54,0,0
BRDA:6,54,1,0
BRDA:6,54,2,0
BRDA:6,54,3,0
BRDA:6,54,4,0
BRDA:6,54,5,0
BRDA:6,55,0,0
BRDA:6,55,1,0
BRDA:6,56,0,0
BRDA:6,56,1,0
BRDA:6,57,0,0
BRDA:6,57,1,0
BRDA:6,58,0,0
BRDA:6,58,1,0
BRDA:6,59,0,0
BRDA:6,59,1,0
BRDA:6,60,0,0
BRDA:6,60,1,0
BRDA:6,61,0,0
BRDA:6,61,1,0
BRDA:6,62,0,0
BRDA:6,62,1,0
BRDA:6,63,0,0
BRDA:6,63,1,0
BRDA:6,64,0,0
BRDA:6,64,1,0
BRDA:6,65,0,0
BRDA:6,65,1,0
BRDA:6,66,0,0
BRDA:6,66,1,0
BRDA:6,66,2,0
BRDA:6,66,3,0
BRDA:6,66,4,0
BRDA:6,67,0,0
BRDA:6,67,1,0
BRDA:6,68,0,0
BRDA:6,68,1,0
BRDA:6,69,0,0
BRDA:6,69,1,0
BRDA:6,70,0,0
BRDA:6,70,1,0
BRDA:6,71,0,0
BRDA:6,71,1,0
BRDA:6,72,0,0
BRDA:6,72,1,0
BRDA:6,72,2,0
BRDA:6,73,0,0
BRDA:6,73,1,0
BRDA:6,74,0,0
BRDA:6,74,1,0
BRDA:6,75,0,0
BRDA:6,75,1,0
BRDA:6,76,0,0
BRDA:6,76,1,0
BRDA:6,77,0,0
BRDA:6,77,1,0
BRDA:6,78,0,0
BRDA:6,78,1,0
BRDA:6,79,0,0
BRDA:6,79,1,0
BRDA:6,80,0,0
BRDA:6,80,1,0
BRDA:6,81,0,0
BRDA:6,81,1,0
BRDA:6,81,2,0
BRDA:6,82,0,0
BRDA:6,82,1,0
BRDA:6,83,0,0
BRDA:6,83,1,0
BRDA:6,84,0,0
BRDA:6,84,1,0
BRDA:6,85,0,0
BRDA:6,85,1,0
BRDA:6,86,0,0
BRDA:6,86,1,0
BRDA:6,87,0,0
BRDA:6,87,1,0
BRDA:6,88,0,0
BRDA:6,88,1,0
BRDA:6,89,0,0
BRDA:6,89,1,0
BRDA:6,90,0,0
BRDA:6,90,1,0
BRDA:6,91,0,0
BRDA:6,91,1,0
BRDA:6,92,0,0
BRDA:6,92,1,0
BRDA:6,93,0,0
BRDA:6,93,1,0
BRDA:6,94,0,0
BRDA:6,94,1,0
BRDA:6,95,0,0
BRDA:6,95,1,0
BRDA:14,96,0,0
BRDA:14,96,1,0
BRDA:14,97,0,0
BRDA:14,97,1,0
BRDA:14,98,0,0
BRDA:14,98,1,0
BRDA:14,99,0,0
BRDA:14,99,1,0
BRDA:14,100,0,0
BRDA:14,100,1,0
BRDA:14,101,0,0
BRDA:14,101,1,0
BRDA:14,102,0,0
BRDA:14,102,1,0
BRDA:14,103,0,0
BRDA:14,103,1,0
BRDA:14,104,0,0
BRDA:14,104,1,0
BRDA:14,105,0,0
BRDA:14,105,1,0
BRDA:14,106,0,0
BRDA:14,106,1,0
BRDA:14,107,0,0
BRDA:14,107,1,0
BRDA:14,108,0,0
BRDA:14,108,1,0
BRDA:14,109,0,0
BRDA:14,109,1,0
BRDA:14,110,0,0
BRDA:14,110,1,0
BRDA:14,111,0,0
BRDA:14,111,1,0
BRDA:14,112,0,0
BRDA:14,112,1,0
BRDA:14,113,0,0
BRDA:14,113,1,0
BRDA:14,114,0,0
BRDA:14,114,1,0
BRDA:14,115,0,0
BRDA:14,115,1,0
BRDA:14,115,2,0
BRDA:14,116,0,0
BRDA:14,116,1,0
BRDA:14,117,0,0
BRDA:14,117,1,0
BRDA:14,118,0,0
BRDA:14,118,1,0
BRDA:14,119,0,0
BRDA:14,119,1,0
BRDA:14,119,2,0
BRDA:14,120,0,0
BRDA:14,120,1,0
BRDA:14,121,0,0
BRDA:14,121,1,0
BRDA:14,122,0,0
BRDA:14,122,1,0
BRDA:14,123,0,0
BRDA:14,123,1,0
BRDA:14,124,0,0
BRDA:14,124,1,0
BRDA:14,125,0,0
BRDA:14,125,1,0
BRDA:14,125,2,0
BRDA:14,126,0,0
BRDA:14,126,1,0
BRDA:14,127,0,0
BRDA:14,127,1,0
BRDA:14,128,0,0
BRDA:14,128,1,0
BRDA:14,129,0,0
BRDA:14,129,1,0
BRDA:14,129,2,0
BRDA:14,130,0,0
BRDA:14,130,1,0
BRDA:14,131,0,0
BRDA:14,131,1,0
BRDA:14,131,2,0
BRDA:14,132,0,0
BRDA:14,132,1,0
BRDA:14,133,0,0
BRDA:14,133,1,0
BRDA:14,134,0,0
BRDA:14,134,1,0
BRDA:14,135,0,0
BRDA:14,135,1,0
BRDA:14,136,0,0
BRDA:14,136,1,0
BRDA:14,137,0,0
BRDA:14,137,1,0
BRDA:14,138,0,0
BRDA:14,138,1,0
BRDA:14,139,0,0
BRDA:14,139,1,0
BRDA:14,140,0,0
BRDA:14,140,1,0
BRDA:14,141,0,0
BRDA:14,141,1,0
BRDA:14,141,2,0
BRDA:14,142,0,0
BRDA:14,142,1,0
BRDA:14,143,0,0
BRDA:14,143,1,0
BRDA:14,144,0,0
BRDA:14,144,1,0
BRDA:14,145,0,0
BRDA:14,145,1,0
BRDA:14,145,2,0
BRDA:14,146,0,0
BRDA:14,146,1,0
BRDA:14,147,0,0
BRDA:14,147,1,0
BRDA:14,148,0,0
BRDA:14,148,1,0
BRDA:14,149,0,0
BRDA:14,149,1,0
BRDA:14,150,0,0
BRDA:14,150,1,0
BRDA:14,150,2,0
BRDA:14,151,0,0
BRDA:14,151,1,0
BRDA:14,152,0,0
BRDA:14,152,1,0
BRDA:14,153,0,0
BRDA:14,153,1,0
BRDA:14,154,0,0
BRDA:14,154,1,0
BRDA:14,155,0,0
BRDA:14,155,1,0
BRDA:14,156,0,0
BRDA:14,156,1,0
BRDA:14,157,0,0
BRDA:14,157,1,0
BRDA:14,158,0,0
BRDA:14,158,1,0
BRDA:14,159,0,0
BRDA:14,159,1,0
BRDA:14,160,0,0
BRDA:14,160,1,0
BRDA:14,161,0,0
BRDA:14,161,1,0
BRDA:14,162,0,0
BRDA:14,162,1,0
BRDA:14,162,2,0
BRDA:14,163,0,0
BRDA:14,163,1,0
BRDA:14,163,2,0
BRDA:14,164,0,0
BRDA:14,164,1,0
BRDA:14,165,0,0
BRDA:14,165,1,0
BRDA:14,166,0,0
BRDA:14,166,1,0
BRDA:14,167,0,0
BRDA:14,167,1,0
BRDA:14,168,0,0
BRDA:14,168,1,0
BRDA:14,169,0,0
BRDA:14,169,1,0
BRDA:14,169,2,0
BRDA:14,170,0,0
BRDA:14,170,1,0
BRDA:22,171,0,0
BRDA:22,171,1,0
BRDA:22,172,0,0
BRDA:22,172,1,0
BRDA:22,173,0,0
BRDA:22,173,1,0
BRDA:22,174,0,0
BRDA:22,174,1,0
BRDA:22,175,0,0
BRDA:22,175,1,0
BRDA:22,176,0,0
BRDA:22,176,1,0
BRDA:22,177,0,0
BRDA:22,177,1,0
BRDA:22,178,0,0
BRDA:22,178,1,0
BRDA:22,179,0,0
BRDA:22,179,1,0
BRDA:22,180,0,0
BRDA:22,180,1,0
BRDA:22,181,0,0
BRDA:22,181,1,0
BRDA:22,182,0,0
BRDA:22,182,1,0
BRDA:22,183,0,0
BRDA:22,183,1,0
BRDA:22,184,0,0
BRDA:22,184,1,0
BRDA:22,185,0,0
BRDA:22,185,1,0
BRDA:22,186,0,0
BRDA:22,186,1,0
BRDA:22,187,0,0
BRDA:22,187,1,0
BRDA:22,188,0,0
BRDA:22,188,1,0
BRDA:22,189,0,0
BRDA:22,189,1,0
BRDA:22,190,0,0
BRDA:22,190,1,0
BRDA:22,191,0,0
BRDA:22,191,1,0
BRDA:22,192,0,0
BRDA:22,192,1,0
BRDA:22,193,0,0
BRDA:22,193,1,0
BRDA:22,194,0,0
BRDA:22,194,1,0
BRDA:22,195,0,0
BRDA:22,195,1,0
BRDA:22,196,0,0
BRDA:22,196,1,0
BRDA:22,197,0,0
BRDA:22,197,1,0
BRDA:22,198,0,0
BRDA:22,198,1,0
BRDA:22,199,0,0
BRDA:22,199,1,0
BRDA:22,200,0,0
BRDA:22,200,1,0
BRDA:22,201,0,0
BRDA:22,201,1,0
BRDA:22,202,0,0
BRDA:22,202,1,0
BRDA:22,203,0,0
BRDA:22,203,1,0
BRDA:22,204,0,0
BRDA:22,204,1,0
BRDA:22,205,0,0
BRDA:22,205,1,0
BRDA:22,206,0,0
BRDA:22,206,1,0
BRDA:22,207,0,0
BRDA:22,207,1,0
BRDA:22,208,0,0
BRDA:22,208,1,0
BRDA:22,209,0,0
BRDA:22,209,1,0
BRDA:22,210,0,0
BRDA:22,210,1,0
BRDA:22,210,2,0
BRDA:22,210,3,0
BRDA:22,210,4,0
BRDA:22,210,5,0
BRDA:22,210,6,0
BRDA:22,210,7,0
BRDA:22,210,8,0
BRDA:22,210,9,0
BRDA:22,210,10,0
BRDA:22,211,0,0
BRDA:22,211,1,0
BRDA:22,212,0,0
BRDA:22,212,1,0
BRDA:22,212,2,0
BRDA:22,212,3,0
BRDA:22,213,0,0
BRDA:22,213,1,0
BRDA:22,214,0,0
BRDA:22,214,1,0
BRDA:22,215,0,0
BRDA:22,215,1,0
BRDA:22,216,0,0
BRDA:22,216,1,0
BRDA:22,217,0,0
BRDA:22,217,1,0
BRDA:22,218,0,0
BRDA:22,218,1,0
BRDA:22,219,0,0
BRDA:22,219,1,0
BRDA:22,220,0,0
BRDA:22,220,1,0
BRDA:22,221,0,0
BRDA:22,221,1,0
BRDA:22,221,2,0
BRDA:22,222,0,0
BRDA:22,222,1,0
BRDA:22,223,0,0
BRDA:22,223,1,0
BRDA:22,224,0,0
BRDA:22,224,1,0
BRDA:22,225,0,0
BRDA:22,225,1,0
BRDA:22,226,0,0
BRDA:22,226,1,0
BRDA:22,227,0,0
BRDA:22,227,1,0
BRDA:22,228,0,0
BRDA:22,228,1,0
BRDA:22,229,0,0
BRDA:22,229,1,0
BRDA:22,230,0,0
BRDA:22,230,1,0
BRDA:22,230,2,0
BRDA:22,230,3,0
BRDA:22,230,4,0
BRDA:22,231,0,0
BRDA:22,231,1,0
BRDA:22,231,2,0
BRDA:22,232,0,0
BRDA:22,232,1,0
BRDA:22,232,2,0
BRDA:22,233,0,0
BRDA:22,233,1,0
BRDA:22,234,0,0
BRDA:22,234,1,0
BRDA:22,235,0,0
BRDA:22,235,1,0
BRDA:22,236,0,0
BRDA:22,236,1,0
BRDA:22,237,0,0
BRDA:22,237,1,0
BRDA:22,238,0,0
BRDA:22,238,1,0
BRDA:22,239,0,0
BRDA:22,239,1,0
BRDA:22,240,0,0
BRDA:22,240,1,0
BRDA:22,241,0,0
BRDA:22,241,1,0
BRDA:22,242,0,0
BRDA:22,242,1,0
BRDA:22,243,0,0
BRDA:22,243,1,0
BRDA:22,244,0,0
BRDA:22,244,1,0
BRDA:22,245,0,0
BRDA:22,245,1,0
BRDA:22,246,0,0
BRDA:22,246,1,0
BRDA:22,247,0,0
BRDA:22,247,1,0
BRDA:22,248,0,0
BRDA:22,248,1,0
BRDA:22,249,0,0
BRDA:22,249,1,0
BRDA:22,250,0,0
BRDA:22,250,1,0
BRDA:22,251,0,0
BRDA:22,251,1,0
BRDA:22,252,0,0
BRDA:22,252,1,0
BRDA:22,253,0,0
BRDA:22,253,1,0
BRDA:22,254,0,0
BRDA:22,254,1,0
BRDA:22,255,0,0
BRDA:22,255,1,0
BRDA:22,256,0,0
BRDA:22,256,1,0
BRDA:22,257,0,0
BRDA:22,257,1,0
BRDA:22,258,0,0
BRDA:22,258,1,0
BRDA:22,259,0,0
BRDA:22,259,1,0
BRDA:22,260,0,0
BRDA:22,260,1,0
BRDA:22,261,0,0
BRDA:22,261,1,0
BRDA:22,261,2,0
BRDA:22,262,0,0
BRDA:22,262,1,0
BRDA:22,262,2,0
BRDA:22,263,0,0
BRDA:22,263,1,0
BRDA:22,263,2,0
BRDA:22,263,3,0
BRDA:22,263,4,0
BRDA:22,264,0,0
BRDA:22,264,1,0
BRDA:22,264,2,0
BRDA:22,264,3,0
BRDA:22,264,4,0
BRDA:22,264,5,0
BRDA:22,265,0,0
BRDA:22,265,1,0
BRDA:22,266,0,0
BRDA:22,266,1,0
BRDA:22,267,0,0
BRDA:22,267,1,0
BRDA:22,268,0,0
BRDA:22,268,1,0
BRDA:22,268,2,0
BRDA:22,269,0,0
BRDA:22,269,1,0
BRDA:22,270,0,0
BRDA:22,270,1,0
BRDA:22,271,0,0
BRDA:22,271,1,0
BRDA:22,271,2,0
BRDA:22,272,0,0
BRDA:22,272,1,0
BRDA:22,273,0,0
BRDA:22,273,1,0
BRDA:22,273,2,0
BRDA:22,274,0,0
BRDA:22,274,1,0
BRDA:22,275,0,0
BRDA:22,275,1,0
BRDA:22,276,0,0
BRDA:22,276,1,0
BRDA:22,276,2,0
BRDA:22,277,0,0
BRDA:22,277,1,0
BRDA:22,278,0,0
BRDA:22,278,1,0
BRDA:22,279,0,0
BRDA:22,279,1,0
BRDA:22,280,0,0
BRDA:22,280,1,0
BRDA:22,281,0,0
BRDA:22,281,1,0
BRDA:22,282,0,0
BRDA:22,282,1,0
BRDA:22,282,2,0
BRDA:22,282,3,0
BRDA:22,283,0,0
BRDA:22,283,1,0
BRDA:22,284,0,0
BRDA:22,284,1,0
BRDA:22,285,0,0
BRDA:22,285,1,0
BRDA:22,286,0,0
BRDA:22,286,1,0
BRDA:22,287,0,0
BRDA:22,287,1,0
BRDA:22,288,0,0
BRDA:22,288,1,0
BRDA:22,288,2,0
BRDA:22,289,0,0
BRDA:22,289,1,0
BRDA:22,289,2,0
BRDA:22,289,3,0
BRDA:22,290,0,0
BRDA:22,290,1,0
BRDA:22,291,0,0
BRDA:22,291,1,0
BRDA:22,291,2,0
BRDA:22,292,0,0
BRDA:22,292,1,0
BRDA:22,292,2,0
BRDA:22,293,0,0
BRDA:22,293,1,0
BRDA:22,294,0,0
BRDA:22,294,1,0
BRDA:22,295,0,0
BRDA:22,295,1,0
BRDA:22,296,0,0
BRDA:22,296,1,0
BRDA:22,297,0,0
BRDA:22,297,1,0
BRDA:22,298,0,0
BRDA:22,298,1,0
BRDA:22,299,0,0
BRDA:22,299,1,0
BRDA:22,300,0,0
BRDA:22,300,1,0
BRDA:22,301,0,0
BRDA:22,301,1,0
BRDA:22,302,0,0
BRDA:22,302,1,0
BRDA:22,303,0,0
BRDA:22,303,1,0
BRDA:22,304,0,0
BRDA:22,304,1,0
BRDA:22,305,0,0
BRDA:22,305,1,0
BRDA:22,306,0,0
BRDA:22,306,1,0
BRDA:22,306,2,0
BRDA:22,307,0,0
BRDA:22,307,1,0
BRDA:22,307,2,0
BRDA:22,308,0,0
BRDA:22,308,1,0
BRDA:22,309,0,0
BRDA:22,309,1,0
BRDA:22,310,0,0
BRDA:22,310,1,0
BRDA:22,310,2,0
BRDA:22,311,0,0
BRDA:22,311,1,0
BRDA:22,312,0,0
BRDA:22,312,1,0
BRDA:22,313,0,0
BRDA:22,313,1,0
BRDA:22,314,0,0
BRDA:22,314,1,0
BRDA:22,314,2,0
BRDA:22,314,3,0
BRDA:22,315,0,0
BRDA:22,315,1,0
BRDA:22,316,0,0
BRDA:22,316,1,0
BRDA:22,317,0,0
BRDA:22,317,1,0
BRDA:22,318,0,0
BRDA:22,318,1,0
BRDA:22,318,2,0
BRDA:22,318,3,0
BRDA:22,319,0,0
BRDA:22,319,1,0
BRDA:22,320,0,0
BRDA:22,320,1,0
BRDA:22,321,0,0
BRDA:22,321,1,0
BRDA:22,322,0,0
BRDA:22,322,1,0
BRDA:22,323,0,0
BRDA:22,323,1,0
BRDA:22,324,0,0
BRDA:22,324,1,0
BRDA:22,325,0,0
BRDA:22,325,1,0
BRDA:22,326,0,0
BRDA:22,326,1,0
BRDA:22,327,0,0
BRDA:22,327,1,0
BRDA:22,328,0,0
BRDA:22,328,1,0
BRDA:22,329,0,0
BRDA:22,329,1,0
BRDA:22,330,0,0
BRDA:22,330,1,0
BRDA:22,331,0,0
BRDA:22,331,1,0
BRDA:22,332,0,0
BRDA:22,332,1,0
BRDA:22,333,0,0
BRDA:22,333,1,0
BRDA:22,334,0,0
BRDA:22,334,1,0
BRDA:22,335,0,0
BRDA:22,335,1,0
BRDA:22,336,0,0
BRDA:22,336,1,0
BRDA:22,337,0,0
BRDA:22,337,1,0
BRDA:22,338,0,0
BRDA:22,338,1,0
BRDA:22,339,0,0
BRDA:22,339,1,0
BRDA:22,340,0,0
BRDA:22,340,1,0
BRDA:22,341,0,0
BRDA:22,341,1,0
BRDA:22,342,0,0
BRDA:22,342,1,0
BRDA:22,343,0,0
BRDA:22,343,1,0
BRDA:22,344,0,0
BRDA:22,344,1,0
BRDA:22,345,0,0
BRDA:22,345,1,0
BRDA:22,346,0,0
BRDA:22,346,1,0
BRDA:22,347,0,0
BRDA:22,347,1,0
BRDA:22,347,2,0
BRDA:22,348,0,0
BRDA:22,348,1,0
BRDA:22,349,0,0
BRDA:22,349,1,0
BRDA:22,350,0,0
BRDA:22,350,1,0
BRDA:22,350,2,0
BRDA:22,351,0,0
BRDA:22,351,1,0
BRDA:22,352,0,0
BRDA:22,352,1,0
BRDA:22,352,2,0
BRDA:22,352,3,0
BRDA:22,352,4,0
BRDA:22,352,5,0
BRDA:22,353,0,0
BRDA:22,353,1,0
BRDA:22,354,0,0
BRDA:22,354,1,0
BRDA:22,354,2,0
BRDA:22,354,3,0
BRDA:22,354,4,0
BRDA:22,355,0,0
BRDA:22,355,1,0
BRDA:22,355,2,0
BRDA:22,356,0,0
BRDA:22,356,1,0
BRDA:22,357,0,0
BRDA:22,357,1,0
BRDA:22,358,0,0
BRDA:22,358,1,0
BRDA:22,359,0,0
BRDA:22,359,1,0
BRDA:22,360,0,0
BRDA:22,360,1,0
BRDA:22,360,2,0
BRDA:22,360,3,0
BRDA:22,360,4,0
BRDA:22,360,5,0
BRDA:22,360,6,0
BRDA:22,361,0,0
BRDA:22,361,1,0
BRDA:22,362,0,0
BRDA:22,362,1,0
BRDA:22,363,0,0
BRDA:22,363,1,0
BRDA:22,364,0,0
BRDA:22,364,1,0
BRDA:22,365,0,0
BRDA:22,365,1,0
BRDA:22,365,2,0
BRDA:22,366,0,0
BRDA:22,366,1,0
BRDA:22,367,0,0
BRDA:22,367,1,0
BRDA:22,368,0,0
BRDA:22,368,1,0
BRDA:22,369,0,0
BRDA:22,369,1,0
BRDA:22,369,2,0
BRDA:22,369,3,0
BRDA:22,369,4,0
BRDA:22,369,5,0
BRDA:22,370,0,0
BRDA:22,370,1,0
BRDA:22,371,0,0
BRDA:22,371,1,0
BRDA:22,372,0,0
BRDA:22,372,1,0
BRDA:22,373,0,0
BRDA:22,373,1,0
BRDA:22,374,0,0
BRDA:22,374,1,0
BRDA:22,375,0,0
BRDA:22,375,1,0
BRDA:22,375,2,0
BRDA:22,375,3,0
BRDA:22,376,0,0
BRDA:22,376,1,0
BRDA:22,377,0,0
BRDA:22,377,1,0
BRDA:22,378,0,0
BRDA:22,378,1,0
BRDA:22,379,0,0
BRDA:22,379,1,0
BRDA:22,380,0,0
BRDA:22,380,1,0
BRDA:22,381,0,0
BRDA:22,381,1,0
BRDA:22,381,2,0
BRDA:22,381,3,0
BRDA:22,382,0,0
BRDA:22,382,1,0
BRDA:22,383,0,0
BRDA:22,383,1,0
BRDA:22,384,0,0
BRDA:22,384,1,0
BRDA:22,385,0,0
BRDA:22,385,1,0
BRDA:22,386,0,0
BRDA:22,386,1,0
BRDA:22,386,2,0
BRDA:22,387,0,0
BRDA:22,387,1,0
BRDA:22,388,0,0
BRDA:22,388,1,0
BRDA:22,389,0,0
BRDA:22,389,1,0
BRDA:22,390,0,0
BRDA:22,390,1,0
BRDA:22,391,0,0
BRDA:22,391,1,0
BRDA:22,392,0,0
BRDA:22,392,1,0
BRDA:22,393,0,0
BRDA:22,393,1,0
BRDA:22,394,0,0
BRDA:22,394,1,0
BRDA:22,394,2,0
BRDA:22,395,0,0
BRDA:22,395,1,0
BRDA:22,396,0,0
BRDA:22,396,1,0
BRDA:22,396,2,0
BRDA:22,396,3,0
BRDA:22,396,4,0
BRDA:22,396,5,0
BRDA:22,397,0,0
BRDA:22,397,1,0
BRDA:22,398,0,0
BRDA:22,398,1,0
BRDA:22,399,0,0
BRDA:22,399,1,0
BRDA:22,400,0,0
BRDA:22,400,1,0
BRDA:22,401,0,0
BRDA:22,401,1,0
BRDA:22,402,0,0
BRDA:22,402,1,0
BRDA:22,403,0,0
BRDA:22,403,1,0
BRDA:22,404,0,0
BRDA:22,404,1,0
BRDA:22,405,0,0
BRDA:22,405,1,0
BRDA:22,406,0,0
BRDA:22,406,1,0
BRDA:22,406,2,0
BRDA:22,406,3,0
BRDA:22,407,0,0
BRDA:22,407,1,0
BRDA:22,408,0,0
BRDA:22,408,1,0
BRDA:22,409,0,0
BRDA:22,409,1,0
BRDA:22,410,0,0
BRDA:22,410,1,0
BRDA:22,411,0,0
BRDA:22,411,1,0
BRDA:22,412,0,0
BRDA:22,412,1,0
BRDA:22,412,2,0
BRDA:22,413,0,0
BRDA:22,413,1,0
BRDA:22,414,0,0
BRDA:22,414,1,0
BRDA:22,415,0,0
BRDA:22,415,1,0
BRDA:22,416,0,0
BRDA:22,416,1,0
BRDA:22,416,2,0
BRDA:22,416,3,0
BRDA:22,417,0,0
BRDA:22,417,1,0
BRDA:22,417,2,0
BRDA:22,418,0,0
BRDA:22,418,1,0
BRDA:22,419,0,0
BRDA:22,419,1,0
BRDA:22,420,0,0
BRDA:22,420,1,0
BRDA:22,420,2,0
BRDA:22,421,0,0
BRDA:22,421,1,0
BRDA:22,422,0,0
BRDA:22,422,1,0
BRDA:22,423,0,0
BRDA:22,423,1,0
BRDA:22,424,0,0
BRDA:22,424,1,0
BRDA:22,425,0,0
BRDA:22,425,1,0
BRDA:22,426,0,0
BRDA:22,426,1,0
BRDA:22,427,0,0
BRDA:22,427,1,0
BRDA:22,428,0,0
BRDA:22,428,1,0
BRDA:22,429,0,0
BRDA:22,429,1,0
BRDA:22,430,0,0
BRDA:22,430,1,0
BRDA:22,431,0,0
BRDA:22,431,1,0
BRDA:22,432,0,0
BRDA:22,432,1,0
BRDA:22,432,2,0
BRDA:22,433,0,0
BRDA:22,433,1,0
BRDA:22,434,0,0
BRDA:22,434,1,0
BRDA:22,435,0,0
BRDA:22,435,1,0
BRDA:22,436,0,0
BRDA:22,436,1,0
BRDA:22,437,0,0
BRDA:22,437,1,0
BRDA:22,437,2,0
BRDA:22,438,0,0
BRDA:22,438,1,0
BRDA:22,439,0,0
BRDA:22,439,1,0
BRDA:22,440,0,0
BRDA:22,440,1,0
BRDA:22,441,0,0
BRDA:22,441,1,0
BRDA:22,442,0,0
BRDA:22,442,1,0
BRDA:22,442,2,0
BRDA:22,443,0,0
BRDA:22,443,1,0
BRDA:22,444,0,0
BRDA:22,444,1,0
BRDA:22,445,0,0
BRDA:22,445,1,0
BRDA:22,445,2,0
BRDA:22,445,3,0
BRDA:22,445,4,0
BRDA:22,446,0,0
BRDA:22,446,1,0
BRDA:22,447,0,0
BRDA:22,447,1,0
BRDA:22,448,0,0
BRDA:22,448,1,0
BRDA:22,448,2,0
BRDA:22,448,3,0
BRDA:22,448,4,0
BRDA:22,449,0,0
BRDA:22,449,1,0
BRDA:22,450,0,0
BRDA:22,450,1,0
BRDA:22,451,0,0
BRDA:22,451,1,0
BRDA:22,452,0,0
BRDA:22,452,1,0
BRDA:22,453,0,0
BRDA:22,453,1,0
BRDA:22,454,0,0
BRDA:22,454,1,0
BRDA:22,455,0,0
BRDA:22,455,1,0
BRDA:22,456,0,0
BRDA:22,456,1,0
BRDA:22,457,0,0
BRDA:22,457,1,0
BRDA:22,458,0,0
BRDA:22,458,1,0
BRDA:22,459,0,0
BRDA:22,459,1,0
BRDA:22,460,0,0
BRDA:22,460,1,0
BRDA:22,461,0,0
BRDA:22,461,1,0
BRDA:22,462,0,0
BRDA:22,462,1,0
BRDA:22,462,2,0
BRDA:22,462,3,0
BRDA:22,462,4,0
BRDA:22,463,0,0
BRDA:22,463,1,0
BRDA:22,464,0,0
BRDA:22,464,1,0
BRDA:22,465,0,0
BRDA:22,465,1,0
BRDA:22,466,0,0
BRDA:22,466,1,0
BRDA:22,467,0,0
BRDA:22,467,1,0
BRDA:22,468,0,0
BRDA:22,468,1,0
BRDA:22,469,0,0
BRDA:22,469,1,0
BRDA:22,470,0,0
BRDA:22,470,1,0
BRDA:22,471,0,0
BRDA:22,471,1,0
BRDA:22,472,0,0
BRDA:22,472,1,0
BRDA:22,472,2,0
BRDA:22,473,0,0
BRDA:22,473,1,0
BRDA:22,474,0,0
BRDA:22,474,1,0
BRDA:22,475,0,0
BRDA:22,475,1,0
BRDA:22,476,0,0
BRDA:22,476,1,0
BRDA:22,477,0,0
BRDA:22,477,1,0
BRDA:22,478,0,0
BRDA:22,478,1,0
BRDA:22,479,0,0
BRDA:22,479,1,0
BRDA:22,479,2,0
BRDA:22,479,3,0
BRDA:22,480,0,0
BRDA:22,480,1,0
BRDA:22,480,2,0
BRDA:22,480,3,0
BRDA:22,481,0,0
BRDA:22,481,1,0
BRDA:22,481,2,0
BRDA:22,481,3,0
BRDA:22,481,4,0
BRDA:22,482,0,0
BRDA:22,482,1,0
BRDA:22,483,0,0
BRDA:22,483,1,0
BRDA:22,484,0,0
BRDA:22,484,1,0
BRDA:22,484,2,0
BRDA:22,484,3,0
BRDA:22,485,0,0
BRDA:22,485,1,0
BRDA:22,486,0,0
BRDA:22,486,1,0
BRDA:22,487,0,0
BRDA:22,487,1,0
BRDA:22,488,0,0
BRDA:22,488,1,0
BRDA:22,489,0,0
BRDA:22,489,1,0
BRDA:22,490,0,0
BRDA:22,490,1,0
BRDA:22,491,0,0
BRDA:22,491,1,0
BRDA:22,492,0,0
BRDA:22,492,1,0
BRDA:22,493,0,0
BRDA:22,493,1,0
BRDA:22,494,0,0
BRDA:22,494,1,0
BRDA:22,495,0,0
BRDA:22,495,1,0
BRDA:22,496,0,0
BRDA:22,496,1,0
BRDA:22,497,0,0
BRDA:22,497,1,0
BRDA:22,498,0,0
BRDA:22,498,1,0
BRDA:22,499,0,0
BRDA:22,499,1,0
BRDA:22,500,0,0
BRDA:22,500,1,0
BRDA:22,501,0,0
BRDA:22,501,1,0
BRDA:22,502,0,0
BRDA:22,502,1,0
BRDA:22,503,0,0
BRDA:22,503,1,0
BRDA:22,504,0,0
BRDA:22,504,1,0
BRDA:22,505,0,0
BRDA:22,505,1,0
BRDA:22,506,0,0
BRDA:22,506,1,0
BRDA:22,507,0,0
BRDA:22,507,1,0
BRDA:22,508,0,0
BRDA:22,508,1,0
BRDA:22,509,0,0
BRDA:22,509,1,0
BRDA:22,510,0,0
BRDA:22,510,1,0
BRDA:22,511,0,0
BRDA:22,511,1,0
BRDA:22,512,0,0
BRDA:22,512,1,0
BRDA:22,513,0,0
BRDA:22,513,1,0
BRDA:22,514,0,0
BRDA:22,514,1,0
BRDA:22,515,0,0
BRDA:22,515,1,0
BRDA:22,516,0,0
BRDA:22,516,1,0
BRDA:22,517,0,0
BRDA:22,517,1,0
BRDA:22,518,0,0
BRDA:22,518,1,0
BRDA:22,519,0,0
BRDA:22,519,1,0
BRDA:22,520,0,0
BRDA:22,520,1,0
BRDA:22,521,0,0
BRDA:22,521,1,0
BRDA:22,521,2,0
BRDA:22,522,0,0
BRDA:22,522,1,0
BRDA:22,523,0,0
BRDA:22,523,1,0
BRDA:22,524,0,0
BRDA:22,524,1,0
BRDA:22,525,0,0
BRDA:22,525,1,0
BRDA:22,526,0,0
BRDA:22,526,1,0
BRDA:22,527,0,0
BRDA:22,527,1,0
BRDA:22,528,0,0
BRDA:22,528,1,0
BRDA:22,529,0,0
BRDA:22,529,1,0
BRDA:22,530,0,0
BRDA:22,530,1,0
BRDA:22,531,0,0
BRDA:22,531,1,0
BRDA:22,532,0,0
BRDA:22,532,1,0
BRDA:22,533,0,0
BRDA:22,533,1,0
BRDA:22,534,0,0
BRDA:22,534,1,0
BRDA:22,535,0,0
BRDA:22,535,1,0
BRDA:22,536,0,0
BRDA:22,536,1,0
BRDA:22,537,0,0
BRDA:22,537,1,0
BRDA:22,538,0,0
BRDA:22,538,1,0
BRDA:22,539,0,0
BRDA:22,539,1,0
BRDA:22,540,0,0
BRDA:22,540,1,0
BRDA:22,541,0,0
BRDA:22,541,1,0
BRDA:22,542,0,0
BRDA:22,542,1,0
BRDA:22,543,0,0
BRDA:22,543,1,0
BRDA:22,544,0,0
BRDA:22,544,1,0
BRDA:22,545,0,0
BRDA:22,545,1,0
BRDA:22,546,0,0
BRDA:22,546,1,0
BRDA:22,546,2,0
BRDA:22,546,3,0
BRDA:22,546,4,0
BRDA:22,546,5,0
BRDA:22,546,6,0
BRDA:22,546,7,0
BRDA:22,546,8,0
BRDA:22,546,9,0
BRDA:22,546,10,0
BRDA:22,546,11,0
BRDA:22,546,12,0
BRDA:22,546,13,0
BRDA:22,546,14,0
BRDA:22,546,15,0
BRDA:22,546,16,0
BRDA:22,546,17,0
BRDA:22,546,18,0
BRDA:22,546,19,0
BRDA:22,546,20,0
BRDA:22,546,21,0
BRDA:22,546,22,0
BRDA:22,546,23,0
BRDA:22,546,24,0
BRDA:22,546,25,0
BRDA:22,546,26,0
BRDA:22,546,27,0
BRDA:22,546,28,0
BRDA:22,546,29,0
BRDA:22,546,30,0
BRDA:22,546,31,0
BRDA:22,546,32,0
BRDA:22,546,33,0
BRDA:22,546,34,0
BRDA:22,546,35,0
BRDA:22,546,36,0
BRDA:22,546,37,0
BRDA:22,546,38,0
BRDA:22,546,39,0
BRDA:22,546,40,0
BRDA:22,546,41,0
BRDA:22,546,42,0
BRDA:22,546,43,0
BRDA:22,547,0,0
BRDA:22,547,1,0
BRDA:22,548,0,0
BRDA:22,548,1,0
BRDA:22,549,0,0
BRDA:22,549,1,0
BRDA:22,550,0,0
BRDA:22,550,1,0
BRDA:22,551,0,0
BRDA:22,551,1,0
BRDA:22,552,0,0
BRDA:22,552,1,0
BRDA:22,552,2,0
BRDA:22,553,0,0
BRDA:22,553,1,0
BRDA:22,553,2,0
BRDA:22,554,0,0
BRDA:22,554,1,0
BRDA:22,555,0,0
BRDA:22,555,1,0
BRDA:22,556,0,0
BRDA:22,556,1,0
BRDA:22,557,0,0
BRDA:22,557,1,0
BRDA:22,558,0,0
BRDA:22,558,1,0
BRDA:22,559,0,0
BRDA:22,559,1,0
BRDA:22,559,2,0
BRDA:22,559,3,0
BRDA:22,560,0,0
BRDA:22,560,1,0
BRDA:22,561,0,0
BRDA:22,561,1,0
BRDA:22,562,0,0
BRDA:22,562,1,0
BRDA:22,563,0,0
BRDA:22,563,1,0
BRDA:22,564,0,0
BRDA:22,564,1,0
BRDA:22,565,0,0
BRDA:22,565,1,0
BRDA:22,566,0,0
BRDA:22,566,1,0
BRDA:22,567,0,0
BRDA:22,567,1,0
BRDA:22,568,0,0
BRDA:22,568,1,0
BRDA:22,569,0,0
BRDA:22,569,1,0
BRDA:22,570,0,0
BRDA:22,570,1,0
BRDA:22,571,0,0
BRDA:22,571,1,0
BRDA:22,572,0,0
BRDA:22,572,1,0
BRDA:22,573,0,0
BRDA:22,573,1,0
BRDA:22,574,0,0
BRDA:22,574,1,0
BRDA:22,574,2,0
BRDA:22,575,0,0
BRDA:22,575,1,0
BRDA:22,575,2,0
BRDA:22,575,3,0
BRDA:22,575,4,0
BRDA:22,575,5,0
BRDA:22,575,6,0
BRDA:22,575,7,0
BRDA:22,575,8,0
BRDA:22,576,0,0
BRDA:22,576,1,0
BRDA:22,576,2,0
BRDA:22,577,0,0
BRDA:22,577,1,0
BRDA:22,578,0,0
BRDA:22,578,1,0
BRDA:22,579,0,0
BRDA:22,579,1,0
BRDA:22,580,0,0
BRDA:22,580,1,0
BRDA:22,580,2,0
BRDA:22,581,0,0
BRDA:22,581,1,0
BRDA:22,582,0,0
BRDA:22,582,1,0
BRDA:22,583,0,0
BRDA:22,583,1,0
BRDA:22,583,2,0
BRDA:22,584,0,0
BRDA:22,584,1,0
BRDA:22,585,0,0
BRDA:22,585,1,0
BRDA:22,586,0,0
BRDA:22,586,1,0
BRDA:22,587,0,0
BRDA:22,587,1,0
BRDA:22,588,0,0
BRDA:22,588,1,0
BRDA:22,589,0,0
BRDA:22,589,1,0
BRDA:22,590,0,0
BRDA:22,590,1,0
BRDA:22,591,0,0
BRDA:22,591,1,0
BRDA:22,591,2,0
BRDA:22,591,3,0
BRDA:22,591,4,0
BRDA:22,591,5,0
BRDA:22,591,6,0
BRDA:22,591,7,0
BRDA:22,591,8,0
BRDA:22,592,0,0
BRDA:22,592,1,0
BRDA:22,593,0,0
BRDA:22,593,1,0
BRDA:22,593,2,0
BRDA:22,594,0,0
BRDA:22,594,1,0
BRDA:22,595,0,0
BRDA:22,595,1,0
BRDA:22,596,0,0
BRDA:22,596,1,0
BRDA:22,597,0,0
BRDA:22,597,1,0
BRDA:22,598,0,0
BRDA:22,598,1,0
BRDA:22,599,0,0
BRDA:22,599,1,0
BRDA:22,599,2,0
BRDA:22,600,0,0
BRDA:22,600,1,0
BRDA:22,601,0,0
BRDA:22,601,1,0
BRDA:22,602,0,0
BRDA:22,602,1,0
BRDA:22,602,2,0
BRDA:22,603,0,0
BRDA:22,603,1,0
BRDA:22,604,0,0
BRDA:22,604,1,0
BRDA:22,605,0,0
BRDA:22,605,1,0
BRDA:22,606,0,0
BRDA:22,606,1,0
BRDA:22,607,0,0
BRDA:22,607,1,0
BRDA:22,608,0,0
BRDA:22,608,1,0
BRDA:22,609,0,0
BRDA:22,609,1,0
BRDA:22,610,0,0
BRDA:22,610,1,0
BRDA:22,611,0,0
BRDA:22,611,1,0
BRDA:22,612,0,0
BRDA:22,612,1,0
BRDA:22,613,0,0
BRDA:22,613,1,0
BRDA:22,613,2,0
BRDA:22,614,0,0
BRDA:22,614,1,0
BRDA:22,615,0,0
BRDA:22,615,1,0
BRDA:22,616,0,0
BRDA:22,616,1,0
BRDA:22,616,2,0
BRDA:22,617,0,0
BRDA:22,617,1,0
BRDA:22,618,0,0
BRDA:22,618,1,0
BRDA:22,619,0,0
BRDA:22,619,1,0
BRDA:22,620,0,0
BRDA:22,620,1,0
BRDA:22,621,0,0
BRDA:22,621,1,0
BRDA:22,622,0,0
BRDA:22,622,1,0
BRDA:22,623,0,0
BRDA:22,623,1,0
BRDA:22,624,0,0
BRDA:22,624,1,0
BRDA:22,625,0,0
BRDA:22,625,1,0
BRDA:22,626,0,0
BRDA:22,626,1,0
BRDA:22,627,0,0
BRDA:22,627,1,0
BRDA:22,628,0,0
BRDA:22,628,1,0
BRDA:22,628,2,0
BRDA:22,629,0,0
BRDA:22,629,1,0
BRDA:22,630,0,0
BRDA:22,630,1,0
BRDA:22,630,2,0
BRDA:22,631,0,0
BRDA:22,631,1,0
BRDA:22,632,0,0
BRDA:22,632,1,0
BRDA:22,632,2,0
BRDA:22,632,3,0
BRDA:22,632,4,0
BRDA:22,633,0,0
BRDA:22,633,1,0
BRDA:22,634,0,0
BRDA:22,634,1,0
BRDA:22,635,0,0
BRDA:22,635,1,0
BRDA:22,636,0,0
BRDA:22,636,1,0
BRDA:22,637,0,0
BRDA:22,637,1,0
BRDA:22,638,0,0
BRDA:22,638,1,0
BRDA:22,638,2,0
BRDA:22,639,0,0
BRDA:22,639,1,0
BRDA:22,640,0,0
BRDA:22,640,1,0
BRDA:22,641,0,0
BRDA:22,641,1,0
BRDA:22,642,0,0
BRDA:22,642,1,0
BRDA:22,643,0,0
BRDA:22,643,1,0
BRDA:22,644,0,0
BRDA:22,644,1,0
BRDA:22,645,0,0
BRDA:22,645,1,0
BRDA:22,646,0,0
BRDA:22,646,1,0
BRDA:22,646,2,0
BRDA:22,646,3,0
BRDA:22,646,4,0
BRDA:22,646,5,0
BRDA:22,646,6,0
BRDA:22,646,7,0
BRDA:22,646,8,0
BRDA:22,647,0,0
BRDA:22,647,1,0
BRDA:22,648,0,0
BRDA:22,648,1,0
BRDA:22,649,0,0
BRDA:22,649,1,0
BRDA:22,650,0,0
BRDA:22,650,1,0
BRDA:22,650,2,0
BRDA:22,650,3,0
BRDA:22,650,4,0
BRDA:22,650,5,0
BRDA:22,650,6,0
BRDA:22,650,7,0
BRDA:22,650,8,0
BRDA:22,651,0,0
BRDA:22,651,1,0
BRDA:22,652,0,0
BRDA:22,652,1,0
BRDA:22,653,0,0
BRDA:22,653,1,0
BRDA:22,653,2,0
BRDA:22,653,3,0
BRDA:22,654,0,0
BRDA:22,654,1,0
BRDA:22,654,2,0
BRDA:22,654,3,0
BRDA:22,654,4,0
BRDA:22,654,5,0
BRDA:22,654,6,0
BRDA:22,654,7,0
BRDA:22,655,0,0
BRDA:22,655,1,0
BRDA:22,656,0,0
BRDA:22,656,1,0
BRDA:22,657,0,0
BRDA:22,657,1,0
BRDA:22,658,0,0
BRDA:22,658,1,0
BRDA:22,659,0,0
BRDA:22,659,1,0
BRDA:22,660,0,0
BRDA:22,660,1,0
BRDA:22,661,0,0
BRDA:22,661,1,0
BRDA:22,662,0,0
BRDA:22,662,1,0
BRDA:22,663,0,0
BRDA:22,663,1,0
BRDA:22,664,0,0
BRDA:22,664,1,0
BRDA:22,665,0,0
BRDA:22,665,1,0
BRDA:22,666,0,0
BRDA:22,666,1,0
BRDA:22,667,0,0
BRDA:22,667,1,0
BRDA:22,668,0,0
BRDA:22,668,1,0
BRDA:22,668,2,0
BRDA:22,669,0,0
BRDA:22,669,1,0
BRDA:22,670,0,0
BRDA:22,670,1,0
BRDA:22,671,0,0
BRDA:22,671,1,0
BRDA:22,672,0,0
BRDA:22,672,1,0
BRDA:22,673,0,0
BRDA:22,673,1,0
BRDA:22,673,2,0
BRDA:22,673,3,0
BRDA:22,673,4,0
BRDA:22,673,5,0
BRDA:22,674,0,0
BRDA:22,674,1,0
BRDA:22,674,2,0
BRDA:22,674,3,0
BRDA:22,674,4,0
BRDA:22,674,5,0
BRDA:22,675,0,0
BRDA:22,675,1,0
BRDA:22,676,0,0
BRDA:22,676,1,0
BRDA:22,677,0,0
BRDA:22,677,1,0
BRDA:22,678,0,0
BRDA:22,678,1,0
BRDA:22,679,0,0
BRDA:22,679,1,0
BRDA:22,680,0,0
BRDA:22,680,1,0
BRDA:22,681,0,0
BRDA:22,681,1,0
BRDA:22,682,0,0
BRDA:22,682,1,0
BRDA:22,683,0,0
BRDA:22,683,1,0
BRDA:22,684,0,0
BRDA:22,684,1,0
BRDA:22,685,0,0
BRDA:22,685,1,0
BRDA:22,686,0,0
BRDA:22,686,1,0
BRDA:22,687,0,0
BRDA:22,687,1,0
BRDA:22,688,0,0
BRDA:22,688,1,0
BRDA:22,689,0,0
BRDA:22,689,1,0
BRDA:22,689,2,0
BRDA:22,690,0,0
BRDA:22,690,1,0
BRDA:22,691,0,0
BRDA:22,691,1,0
BRDA:22,692,0,0
BRDA:22,692,1,0
BRDA:22,692,2,0
BRDA:22,693,0,0
BRDA:22,693,1,0
BRDA:22,694,0,0
BRDA:22,694,1,0
BRDA:22,695,0,0
BRDA:22,695,1,0
BRDA:22,695,2,0
BRDA:22,696,0,0
BRDA:22,696,1,0
BRDA:22,697,0,0
BRDA:22,697,1,0
BRDA:22,697,2,0
BRDA:22,698,0,0
BRDA:22,698,1,0
BRDA:22,699,0,0
BRDA:22,699,1,0
BRDA:22,700,0,0
BRDA:22,700,1,0
BRDA:22,701,0,0
BRDA:22,701,1,0
BRDA:22,702,0,0
BRDA:22,702,1,0
BRDA:22,703,0,0
BRDA:22,703,1,0
BRDA:22,704,0,0
BRDA:22,704,1,0
BRDA:22,705,0,0
BRDA:22,705,1,0
BRDA:22,706,0,0
BRDA:22,706,1,0
BRDA:22,707,0,0
BRDA:22,707,1,0
BRDA:22,708,0,0
BRDA:22,708,1,0
BRDA:22,709,0,0
BRDA:22,709,1,0
BRDA:22,710,0,0
BRDA:22,710,1,0
BRDA:22,711,0,0
BRDA:22,711,1,0
BRDA:22,711,2,0
BRDA:22,712,0,0
BRDA:22,712,1,0
BRDA:22,712,2,0
BRDA:22,712,3,0
BRDA:22,713,0,0
BRDA:22,713,1,0
BRDA:22,714,0,0
BRDA:22,714,1,0
BRDA:22,715,0,0
BRDA:22,715,1,0
BRDA:22,716,0,0
BRDA:22,716,1,0
BRDA:22,717,0,0
BRDA:22,717,1,0
BRDA:22,718,0,0
BRDA:22,718,1,0
BRDA:22,719,0,0
BRDA:22,719,1,0
BRDA:22,720,0,0
BRDA:22,720,1,0
BRDA:22,721,0,0
BRDA:22,721,1,0
BRDA:22,722,0,0
BRDA:22,722,1,0
BRDA:22,723,0,0
BRDA:22,723,1,0
BRDA:22,724,0,0
BRDA:22,724,1,0
BRDA:22,725,0,0
BRDA:22,725,1,0
BRDA:22,726,0,0
BRDA:22,726,1,0
BRDA:22,727,0,0
BRDA:22,727,1,0
BRDA:22,728,0,0
BRDA:22,728,1,0
BRDA:22,729,0,0
BRDA:22,729,1,0
BRDA:22,729,2,0
BRDA:22,730,0,0
BRDA:22,730,1,0
BRDA:22,731,0,0
BRDA:22,731,1,0
BRDA:22,732,0,0
BRDA:22,732,1,0
BRDA:22,733,0,0
BRDA:22,733,1,0
BRDA:22,734,0,0
BRDA:22,734,1,0
BRDA:22,735,0,0
BRDA:22,735,1,0
BRDA:22,735,2,0
BRDA:22,736,0,0
BRDA:22,736,1,0
BRDA:22,737,0,0
BRDA:22,737,1,0
BRDA:22,738,0,0
BRDA:22,738,1,0
BRDA:22,739,0,0
BRDA:22,739,1,0
BRDA:22,740,0,0
BRDA:22,740,1,0
BRDA:22,741,0,0
BRDA:22,741,1,0
BRDA:22,741,2,0
BRDA:22,741,3,0
BRDA:22,742,0,0
BRDA:22,742,1,0
BRDA:22,743,0,0
BRDA:22,743,1,0
BRDA:22,744,0,0
BRDA:22,744,1,0
BRDA:22,745,0,0
BRDA:22,745,1,0
BRDA:22,746,0,0
BRDA:22,746,1,0
BRDA:22,747,0,0
BRDA:22,747,1,0
BRDA:22,748,0,0
BRDA:22,748,1,0
BRDA:22,749,0,0
BRDA:22,749,1,0
BRDA:22,750,0,0
BRDA:22,750,1,0
BRDA:22,751,0,0
BRDA:22,751,1,0
BRDA:22,752,0,0
BRDA:22,752,1,0
BRDA:22,753,0,0
BRDA:22,753,1,0
BRDA:22,754,0,0
BRDA:22,754,1,0
BRDA:22,755,0,0
BRDA:22,755,1,0
BRDA:22,756,0,0
BRDA:22,756,1,0
BRDA:22,757,0,0
BRDA:22,757,1,0
BRDA:22,757,2,0
BRDA:22,757,3,0
BRDA:22,757,4,0
BRDA:22,758,0,0
BRDA:22,758,1,0
BRDA:22,759,0,0
BRDA:22,759,1,0
BRDA:22,760,0,0
BRDA:22,760,1,0
BRDA:22,761,0,0
BRDA:22,761,1,0
BRDA:22,762,0,0
BRDA:22,762,1,0
BRDA:22,763,0,0
BRDA:22,763,1,0
BRDA:22,764,0,0
BRDA:22,764,1,0
BRDA:22,764,2,0
BRDA:22,765,0,0
BRDA:22,765,1,0
BRDA:22,766,0,0
BRDA:22,766,1,0
BRDA:22,767,0,0
BRDA:22,767,1,0
BRDA:22,768,0,0
BRDA:22,768,1,0
BRDA:22,769,0,0
BRDA:22,769,1,0
BRDA:22,770,0,0
BRDA:22,770,1,0
BRDA:22,770,2,0
BRDA:22,770,3,0
BRDA:22,771,0,0
BRDA:22,771,1,0
BRDA:22,772,0,0
BRDA:22,772,1,0
BRDA:22,773,0,0
BRDA:22,773,1,0
BRDA:22,774,0,0
BRDA:22,774,1,0
BRDA:22,775,0,0
BRDA:22,775,1,0
BRDA:22,776,0,0
BRDA:22,776,1,0
BRDA:22,777,0,0
BRDA:22,777,1,0
BRDA:22,778,0,0
BRDA:22,778,1,0
BRDA:22,779,0,0
BRDA:22,779,1,0
BRDA:22,780,0,0
BRDA:22,780,1,0
BRDA:22,781,0,0
BRDA:22,781,1,0
BRDA:22,782,0,0
BRDA:22,782,1,0
BRDA:22,783,0,0
BRDA:22,783,1,0
BRDA:22,784,0,0
BRDA:22,784,1,0
BRDA:22,784,2,0
BRDA:22,785,0,0
BRDA:22,785,1,0
BRDA:22,786,0,0
BRDA:22,786,1,0
BRDA:22,787,0,0
BRDA:22,787,1,0
BRDA:22,788,0,0
BRDA:22,788,1,0
BRDA:22,789,0,0
BRDA:22,789,1,0
BRDA:22,790,0,0
BRDA:22,790,1,0
BRDA:22,790,2,0
BRDA:22,790,3,0
BRDA:22,791,0,0
BRDA:22,791,1,0
BRDA:22,792,0,0
BRDA:22,792,1,0
BRDA:22,793,0,0
BRDA:22,793,1,0
BRDA:22,794,0,0
BRDA:22,794,1,0
BRDA:22,795,0,0
BRDA:22,795,1,0
BRDA:22,796,0,0
BRDA:22,796,1,0
BRDA:22,797,0,0
BRDA:22,797,1,0
BRDA:22,798,0,0
BRDA:22,798,1,0
BRDA:22,799,0,0
BRDA:22,799,1,0
BRDA:22,800,0,0
BRDA:22,800,1,0
BRDA:22,801,0,0
BRDA:22,801,1,0
BRDA:22,802,0,0
BRDA:22,802,1,0
BRDA:22,803,0,0
BRDA:22,803,1,0
BRDA:22,804,0,0
BRDA:22,804,1,0
BRDA:22,805,0,0
BRDA:22,805,1,0
BRDA:22,806,0,0
BRDA:22,806,1,0
BRDA:22,807,0,0
BRDA:22,807,1,0
BRDA:22,808,0,0
BRDA:22,808,1,0
BRDA:22,809,0,0
BRDA:22,809,1,0
BRDA:22,810,0,0
BRDA:22,810,1,0
BRDA:22,811,0,0
BRDA:22,811,1,0
BRDA:22,812,0,0
BRDA:22,812,1,0
BRDA:22,813,0,0
BRDA:22,813,1,0
BRDA:22,814,0,0
BRDA:22,814,1,0
BRDA:22,815,0,0
BRDA:22,815,1,0
BRDA:22,816,0,0
BRDA:22,816,1,0
BRDA:22,817,0,0
BRDA:22,817,1,0
BRDA:22,818,0,0
BRDA:22,818,1,0
BRDA:22,819,0,0
BRDA:22,819,1,0
BRDA:22,820,0,0
BRDA:22,820,1,0
BRDA:22,821,0,0
BRDA:22,821,1,0
BRDA:22,822,0,0
BRDA:22,822,1,0
BRDA:22,823,0,0
BRDA:22,823,1,0
BRDA:22,824,0,0
BRDA:22,824,1,0
BRDA:22,825,0,0
BRDA:22,825,1,0
BRDA:22,826,0,0
BRDA:22,826,1,0
BRDA:22,827,0,0
BRDA:22,827,1,0
BRDA:22,828,0,0
BRDA:22,828,1,0
BRDA:22,829,0,0
BRDA:22,829,1,0
BRDA:22,830,0,0
BRDA:22,830,1,0
BRDA:22,831,0,0
BRDA:22,831,1,0
BRDA:22,832,0,0
BRDA:22,832,1,0
BRDA:22,832,2,0
BRDA:22,832,3,0
BRDA:22,833,0,0
BRDA:22,833,1,0
BRDA:22,834,0,0
BRDA:22,834,1,0
BRDA:22,835,0,0
BRDA:22,835,1,0
BRDA:22,836,0,0
BRDA:22,836,1,0
BRDA:22,837,0,0
BRDA:22,837,1,0
BRDA:22,838,0,0
BRDA:22,838,1,0
BRDA:22,839,0,0
BRDA:22,839,1,0
BRDA:22,839,2,0
BRDA:22,840,0,0
BRDA:22,840,1,0
BRDA:22,841,0,0
BRDA:22,841,1,0
BRDA:22,842,0,0
BRDA:22,842,1,0
BRDA:22,843,0,0
BRDA:22,843,1,0
BRDA:22,844,0,0
BRDA:22,844,1,0
BRDA:22,845,0,0
BRDA:22,845,1,0
BRDA:22,846,0,0
BRDA:22,846,1,0
BRDA:22,847,0,0
BRDA:22,847,1,0
BRDA:22,848,0,0
BRDA:22,848,1,0
BRDA:22,849,0,0
BRDA:22,849,1,0
BRDA:22,849,2,0
BRDA:22,849,3,0
BRDA:22,850,0,0
BRDA:22,850,1,0
BRDA:22,851,0,0
BRDA:22,851,1,0
BRDA:22,852,0,0
BRDA:22,852,1,0
BRDA:22,853,0,0
BRDA:22,853,1,0
BRDA:22,854,0,0
BRDA:22,854,1,0
BRDA:22,855,0,0
BRDA:22,855,1,0
BRDA:22,856,0,0
BRDA:22,856,1,0
BRDA:22,856,2,0
BRDA:22,857,0,0
BRDA:22,857,1,0
BRDA:22,858,0,0
BRDA:22,858,1,0
BRDA:22,859,0,0
BRDA:22,859,1,0
BRDA:22,860,0,0
BRDA:22,860,1,0
BRDA:22,860,2,0
BRDA:22,860,3,0
BRDA:22,861,0,0
BRDA:22,861,1,0
BRDA:22,862,0,0
BRDA:22,862,1,0
BRDA:22,863,0,0
BRDA:22,863,1,0
BRDA:22,864,0,0
BRDA:22,864,1,0
BRDA:22,865,0,0
BRDA:22,865,1,0
BRDA:22,866,0,0
BRDA:22,866,1,0
BRDA:22,867,0,0
BRDA:22,867,1,0
BRDA:22,868,0,0
BRDA:22,868,1,0
BRDA:22,869,0,0
BRDA:22,869,1,0
BRDA:22,870,0,0
BRDA:22,870,1,0
BRDA:22,871,0,0
BRDA:22,871,1,0
BRDA:22,872,0,0
BRDA:22,872,1,0
BRDA:22,872,2,0
BRDA:22,873,0,0
BRDA:22,873,1,0
BRDA:22,874,0,0
BRDA:22,874,1,0
BRDA:22,875,0,0
BRDA:22,875,1,0
BRDA:22,876,0,0
BRDA:22,876,1,0
BRDA:22,877,0,0
BRDA:22,877,1,0
BRDA:22,878,0,0
BRDA:22,878,1,0
BRDA:22,879,0,0
BRDA:22,879,1,0
BRDA:22,880,0,0
BRDA:22,880,1,0
BRDA:22,881,0,0
BRDA:22,881,1,0
BRDA:22,882,0,0
BRDA:22,882,1,0
BRDA:22,883,0,0
BRDA:22,883,1,0
BRDA:22,884,0,0
BRDA:22,884,1,0
BRDA:22,884,2,0
BRDA:22,885,0,0
BRDA:22,885,1,0
BRDA:22,886,0,0
BRDA:22,886,1,0
BRDA:22,886,2,0
BRDA:22,887,0,0
BRDA:22,887,1,0
BRDA:22,888,0,0
BRDA:22,888,1,0
BRDA:22,889,0,0
BRDA:22,889,1,0
BRDA:22,890,0,0
BRDA:22,890,1,0
BRDA:22,891,0,0
BRDA:22,891,1,0
BRDA:22,892,0,0
BRDA:22,892,1,0
BRDA:22,893,0,0
BRDA:22,893,1,0
BRDA:22,894,0,0
BRDA:22,894,1,0
BRDA:22,895,0,0
BRDA:22,895,1,0
BRDA:22,896,0,0
BRDA:22,896,1,0
BRDA:22,897,0,0
BRDA:22,897,1,0
BRDA:22,898,0,0
BRDA:22,898,1,0
BRDA:22,899,0,0
BRDA:22,899,1,0
BRDA:22,900,0,0
BRDA:22,900,1,0
BRDA:22,901,0,0
BRDA:22,901,1,0
BRDA:22,902,0,0
BRDA:22,902,1,0
BRDA:22,903,0,0
BRDA:22,903,1,0
BRDA:22,904,0,0
BRDA:22,904,1,0
BRDA:22,905,0,0
BRDA:22,905,1,0
BRDA:22,906,0,0
BRDA:22,906,1,0
BRDA:22,907,0,0
BRDA:22,907,1,0
BRDA:22,908,0,0
BRDA:22,908,1,0
BRDA:22,909,0,0
BRDA:22,909,1,0
BRDA:22,910,0,0
BRDA:22,910,1,0
BRDA:22,911,0,0
BRDA:22,911,1,0
BRDA:22,912,0,0
BRDA:22,912,1,0
BRDA:22,913,0,0
BRDA:22,913,1,0
BRDA:22,914,0,0
BRDA:22,914,1,0
BRDA:22,915,0,0
BRDA:22,915,1,0
BRDA:22,916,0,0
BRDA:22,916,1,0
BRDA:22,917,0,0
BRDA:22,917,1,0
BRDA:22,918,0,0
BRDA:22,918,1,0
BRDA:22,919,0,0
BRDA:22,919,1,0
BRDA:22,920,0,0
BRDA:22,920,1,0
BRDA:22,921,0,0
BRDA:22,921,1,0
BRDA:22,922,0,0
BRDA:22,922,1,0
BRDA:22,923,0,0
BRDA:22,923,1,0
BRDA:22,924,0,0
BRDA:22,924,1,0
BRDA:22,925,0,0
BRDA:22,925,1,0
BRDA:22,926,0,0
BRDA:22,926,1,0
BRDA:22,927,0,0
BRDA:22,927,1,0
BRDA:22,928,0,0
BRDA:22,928,1,0
BRDA:22,929,0,0
BRDA:22,929,1,0
BRDA:22,930,0,0
BRDA:22,930,1,0
BRDA:22,931,0,0
BRDA:22,931,1,0
BRDA:22,932,0,0
BRDA:22,932,1,0
BRDA:22,933,0,0
BRDA:22,933,1,0
BRDA:22,934,0,0
BRDA:22,934,1,0
BRDA:22,935,0,0
BRDA:22,935,1,0
BRDA:22,936,0,0
BRDA:22,936,1,0
BRDA:22,937,0,0
BRDA:22,937,1,0
BRDA:22,938,0,0
BRDA:22,938,1,0
BRDA:22,939,0,0
BRDA:22,939,1,0
BRDA:22,940,0,0
BRDA:22,940,1,0
BRDA:22,941,0,0
BRDA:22,941,1,0
BRDA:22,942,0,0
BRDA:22,942,1,0
BRDA:22,943,0,0
BRDA:22,943,1,0
BRDA:22,944,0,0
BRDA:22,944,1,0
BRDA:22,944,2,0
BRDA:22,945,0,0
BRDA:22,945,1,0
BRDA:22,946,0,0
BRDA:22,946,1,0
BRDA:22,947,0,0
BRDA:22,947,1,0
BRDA:22,948,0,0
BRDA:22,948,1,0
BRDA:22,949,0,0
BRDA:22,949,1,0
BRDA:22,950,0,0
BRDA:22,950,1,0
BRDA:22,950,2,0
BRDA:22,950,3,0
BRDA:22,951,0,0
BRDA:22,951,1,0
BRDA:22,952,0,0
BRDA:22,952,1,0
BRDA:22,953,0,0
BRDA:22,953,1,0
BRDA:22,954,0,0
BRDA:22,954,1,0
BRDA:22,955,0,0
BRDA:22,955,1,0
BRDA:22,956,0,0
BRDA:22,956,1,0
BRDA:22,957,0,0
BRDA:22,957,1,0
BRDA:22,958,0,0
BRDA:22,958,1,0
BRDA:22,959,0,0
BRDA:22,959,1,0
BRDA:22,959,2,0
BRDA:22,960,0,0
BRDA:22,960,1,0
BRDA:22,961,0,0
BRDA:22,961,1,0
BRDA:22,962,0,0
BRDA:22,962,1,0
BRDA:22,963,0,0
BRDA:22,963,1,0
BRDA:22,963,2,0
BRDA:22,964,0,0
BRDA:22,964,1,0
BRDA:22,965,0,0
BRDA:22,965,1,0
BRDA:22,965,2,0
BRDA:22,965,3,0
BRDA:22,966,0,0
BRDA:22,966,1,0
BRDA:22,967,0,0
BRDA:22,967,1,0
BRDA:22,968,0,0
BRDA:22,968,1,0
BRDA:22,969,0,0
BRDA:22,969,1,0
BRDA:22,970,0,0
BRDA:22,970,1,0
BRDA:22,971,0,0
BRDA:22,971,1,0
BRDA:22,972,0,0
BRDA:22,972,1,0
BRDA:22,973,0,0
BRDA:22,973,1,0
BRDA:22,974,0,0
BRDA:22,974,1,0
BRDA:22,975,0,0
BRDA:22,975,1,0
BRDA:22,976,0,0
BRDA:22,976,1,0
BRDA:22,977,0,0
BRDA:22,977,1,0
BRDA:22,977,2,0
BRDA:22,977,3,0
BRDA:22,978,0,0
BRDA:22,978,1,0
BRDA:22,979,0,0
BRDA:22,979,1,0
BRDA:22,980,0,0
BRDA:22,980,1,0
BRDA:22,981,0,0
BRDA:22,981,1,0
BRDA:22,981,2,0
BRDA:22,981,3,0
BRDA:22,982,0,0
BRDA:22,982,1,0
BRDA:22,983,0,0
BRDA:22,983,1,0
BRDA:22,984,0,0
BRDA:22,984,1,0
BRDA:22,985,0,0
BRDA:22,985,1,0
BRDA:22,986,0,0
BRDA:22,986,1,0
BRDA:22,987,0,0
BRDA:22,987,1,0
BRDA:22,988,0,0
BRDA:22,988,1,0
BRDA:22,989,0,0
BRDA:22,989,1,0
BRDA:22,989,2,0
BRDA:22,989,3,0
BRDA:22,989,4,0
BRDA:22,990,0,0
BRDA:22,990,1,0
BRDA:22,991,0,0
BRDA:22,991,1,0
BRDA:22,992,0,0
BRDA:22,992,1,0
BRDA:22,993,0,0
BRDA:22,993,1,0
BRDA:22,994,0,0
BRDA:22,994,1,0
BRDA:22,995,0,0
BRDA:22,995,1,0
BRDA:22,995,2,0
BRDA:22,995,3,0
BRDA:22,996,0,0
BRDA:22,996,1,0
BRDA:22,996,2,0
BRDA:22,996,3,0
BRDA:22,996,4,0
BRDA:22,997,0,0
BRDA:22,997,1,0
BRDA:22,998,0,0
BRDA:22,998,1,0
BRDA:22,999,0,0
BRDA:22,999,1,0
BRDA:22,1000,0,0
BRDA:22,1000,1,0
BRDA:22,1001,0,0
BRDA:22,1001,1,0
BRDA:22,1002,0,0
BRDA:22,1002,1,0
BRDA:22,1003,0,0
BRDA:22,1003,1,0
BRDA:22,1004,0,0
BRDA:22,1004,1,0
BRDA:22,1005,0,0
BRDA:22,1005,1,0
BRDA:22,1006,0,0
BRDA:22,1006,1,0
BRDA:22,1007,0,0
BRDA:22,1007,1,0
BRDA:22,1008,0,0
BRDA:22,1008,1,0
BRDA:22,1009,0,0
BRDA:22,1009,1,0
BRDA:22,1009,2,0
BRDA:22,1009,3,0
BRDA:22,1009,4,0
BRDA:22,1009,5,0
BRDA:22,1010,0,0
BRDA:22,1010,1,0
BRDA:22,1011,0,0
BRDA:22,1011,1,0
BRDA:22,1012,0,0
BRDA:22,1012,1,0
BRDA:22,1012,2,0
BRDA:22,1012,3,0
BRDA:22,1013,0,0
BRDA:22,1013,1,0
BRDA:22,1014,0,0
BRDA:22,1014,1,0
BRDA:22,1015,0,0
BRDA:22,1015,1,0
BRDA:22,1016,0,0
BRDA:22,1016,1,0
BRDA:22,1016,2,0
BRDA:22,1016,3,0
BRDA:22,1017,0,0
BRDA:22,1017,1,0
BRDA:22,1018,0,0
BRDA:22,1018,1,0
BRDA:22,1019,0,0
BRDA:22,1019,1,0
BRDA:22,1020,0,0
BRDA:22,1020,1,0
BRDA:22,1021,0,0
BRDA:22,1021,1,0
BRDA:22,1022,0,0
BRDA:22,1022,1,0
BRDA:22,1023,0,0
BRDA:22,1023,1,0
BRDA:22,1024,0,0
BRDA:22,1024,1,0
BRDA:22,1025,0,0
BRDA:22,1025,1,0
BRDA:22,1026,0,0
BRDA:22,1026,1,0
BRDA:22,1026,2,0
BRDA:22,1026,3,0
BRDA:22,1026,4,0
BRDA:22,1026,5,0
BRDA:22,1027,0,0
BRDA:22,1027,1,0
BRDA:22,1028,0,0
BRDA:22,1028,1,0
BRDA:22,1029,0,0
BRDA:22,1029,1,0
BRDA:22,1030,0,0
BRDA:22,1030,1,0
BRDA:22,1030,2,0
BRDA:22,1030,3,0
BRDA:22,1031,0,0
BRDA:22,1031,1,0
BRDA:22,1032,0,0
BRDA:22,1032,1,0
BRDA:22,1033,0,0
BRDA:22,1033,1,0
BRDA:22,1034,0,0
BRDA:22,1034,1,0
BRDA:22,1034,2,0
BRDA:22,1034,3,0
BRDA:22,1035,0,0
BRDA:22,1035,1,0
BRDA:22,1036,0,0
BRDA:22,1036,1,0
BRDA:22,1037,0,0
BRDA:22,1037,1,0
BRDA:22,1038,0,0
BRDA:22,1038,1,0
BRDA:22,1039,0,0
BRDA:22,1039,1,0
BRDA:22,1039,2,0
BRDA:22,1039,3,0
BRDA:22,1040,0,0
BRDA:22,1040,1,0
BRDA:22,1040,2,0
BRDA:22,1040,3,0
BRDA:22,1041,0,0
BRDA:22,1041,1,0
BRDA:22,1041,2,0
BRDA:22,1041,3,0
BRDA:22,1042,0,0
BRDA:22,1042,1,0
BRDA:22,1042,2,0
BRDA:22,1042,3,0
BRDA:22,1043,0,0
BRDA:22,1043,1,0
BRDA:22,1044,0,0
BRDA:22,1044,1,0
BRDA:22,1045,0,0
BRDA:22,1045,1,0
BRDA:22,1046,0,0
BRDA:22,1046,1,0
BRDA:22,1047,0,0
BRDA:22,1047,1,0
BRDA:22,1048,0,0
BRDA:22,1048,1,0
BRDA:22,1049,0,0
BRDA:22,1049,1,0
BRDA:22,1050,0,0
BRDA:22,1050,1,0
BRDA:22,1051,0,0
BRDA:22,1051,1,0
BRDA:22,1052,0,0
BRDA:22,1052,1,0
BRDA:22,1053,0,0
BRDA:22,1053,1,0
BRDA:22,1054,0,0
BRDA:22,1054,1,0
BRDA:22,1055,0,0
BRDA:22,1055,1,0
BRDA:22,1055,2,0
BRDA:22,1056,0,0
BRDA:22,1056,1,0
BRDA:22,1057,0,0
BRDA:22,1057,1,0
BRDA:22,1057,2,0
BRDA:22,1057,3,0
BRDA:22,1057,4,0
BRDA:22,1058,0,0
BRDA:22,1058,1,0
BRDA:22,1059,0,0
BRDA:22,1059,1,0
BRDA:22,1060,0,0
BRDA:22,1060,1,0
BRDA:22,1061,0,0
BRDA:22,1061,1,0
BRDA:22,1062,0,0
BRDA:22,1062,1,0
BRDA:22,1063,0,0
BRDA:22,1063,1,0
BRDA:22,1064,0,0
BRDA:22,1064,1,0
BRDA:22,1065,0,0
BRDA:22,1065,1,0
BRDA:22,1066,0,0
BRDA:22,1066,1,0
BRDA:22,1067,0,0
BRDA:22,1067,1,0
BRDA:22,1068,0,0
BRDA:22,1068,1,0
BRDA:22,1069,0,0
BRDA:22,1069,1,0
BRDA:22,1070,0,0
BRDA:22,1070,1,0
BRDA:22,1071,0,0
BRDA:22,1071,1,0
BRDA:22,1072,0,0
BRDA:22,1072,1,0
BRDA:22,1073,0,0
BRDA:22,1073,1,0
BRDA:22,1074,0,0
BRDA:22,1074,1,0
BRDA:22,1075,0,0
BRDA:22,1075,1,0
BRDA:22,1076,0,0
BRDA:22,1076,1,0
BRDA:22,1077,0,0
BRDA:22,1077,1,0
BRDA:22,1077,2,0
BRDA:22,1078,0,0
BRDA:22,1078,1,0
BRDA:22,1079,0,0
BRDA:22,1079,1,0
BRDA:22,1080,0,0
BRDA:22,1080,1,0
BRDA:22,1081,0,0
BRDA:22,1081,1,0
BRDA:22,1082,0,0
BRDA:22,1082,1,0
BRDA:22,1083,0,0
BRDA:22,1083,1,0
BRDA:22,1083,2,0
BRDA:22,1083,3,0
BRDA:22,1084,0,0
BRDA:22,1084,1,0
BRDA:22,1084,2,0
BRDA:22,1085,0,0
BRDA:22,1085,1,0
BRDA:22,1086,0,0
BRDA:22,1086,1,0
BRDA:22,1087,0,0
BRDA:22,1087,1,0
BRDA:22,1088,0,0
BRDA:22,1088,1,0
BRDA:22,1089,0,0
BRDA:22,1089,1,0
BRDA:22,1090,0,0
BRDA:22,1090,1,0
BRDA:22,1091,0,0
BRDA:22,1091,1,0
BRDA:22,1092,0,0
BRDA:22,1092,1,0
BRDA:22,1093,0,0
BRDA:22,1093,1,0
BRDA:22,1094,0,0
BRDA:22,1094,1,0
BRDA:22,1095,0,0
BRDA:22,1095,1,0
BRDA:22,1096,0,0
BRDA:22,1096,1,0
BRDA:22,1097,0,0
BRDA:22,1097,1,0
BRDA:22,1098,0,0
BRDA:22,1098,1,0
BRDA:22,1099,0,0
BRDA:22,1099,1,0
BRDA:22,1100,0,0
BRDA:22,1100,1,0
BRDA:22,1100,2,0
BRDA:22,1100,3,0
BRDA:22,1100,4,0
BRDA:22,1100,5,0
BRDA:22,1100,6,0
BRDA:22,1100,7,0
BRDA:22,1100,8,0
BRDA:22,1101,0,0
BRDA:22,1101,1,0
BRDA:22,1102,0,0
BRDA:22,1102,1,0
BRDA:22,1103,0,0
BRDA:22,1103,1,0
BRDA:22,1104,0,0
BRDA:22,1104,1,0
BRDA:22,1105,0,0
BRDA:22,1105,1,0
BRDA:22,1106,0,0
BRDA:22,1106,1,0
BRDA:22,1107,0,0
BRDA:22,1107,1,0
BRDA:22,1108,0,0
BRDA:22,1108,1,0
BRDA:22,1109,0,0
BRDA:22,1109,1,0
BRDA:22,1110,0,0
BRDA:22,1110,1,0
BRDA:22,1111,0,0
BRDA:22,1111,1,0
BRDA:22,1112,0,0
BRDA:22,1112,1,0
BRDA:22,1113,0,0
BRDA:22,1113,1,0
BRDA:22,1114,0,0
BRDA:22,1114,1,0
BRDA:22,1114,2,0
BRDA:22,1114,3,0
BRDA:22,1114,4,0
BRDA:22,1115,0,0
BRDA:22,1115,1,0
BRDA:22,1115,2,0
BRDA:22,1116,0,0
BRDA:22,1116,1,0
BRDA:22,1117,0,0
BRDA:22,1117,1,0
BRDA:22,1117,2,0
BRDA:22,1118,0,0
BRDA:22,1118,1,0
BRDA:22,1119,0,0
BRDA:22,1119,1,0
BRDA:22,1120,0,0
BRDA:22,1120,1,0
BRDA:22,1121,0,0
BRDA:22,1121,1,0
BRDA:22,1121,2,0
BRDA:22,1121,3,0
BRDA:22,1121,4,0
BRDA:22,1121,5,0
BRDA:22,1122,0,0
BRDA:22,1122,1,0
BRDA:22,1123,0,0
BRDA:22,1123,1,0
BRDA:22,1124,0,0
BRDA:22,1124,1,0
BRDA:22,1125,0,0
BRDA:22,1125,1,0
BRDA:22,1126,0,0
BRDA:22,1126,1,0
BRDA:22,1127,0,0
BRDA:22,1127,1,0
BRDA:22,1127,2,0
BRDA:22,1127,3,0
BRDA:22,1128,0,0
BRDA:22,1128,1,0
[...]
BRDA:22,1664,1,0
BRDA:22,1665,0,0
BRDA:22,1665,1,0
BRDA:22,1665,2,0
BRDA:22,1665,3,0
BRDA:22,1665,4,0
BRDA:22,1666,0,0
BRDA:22,1666,1,0
BRDA:22,1667,0,0
BRDA:22,1667,1,0
BRDA:22,1668,0,0
BRDA:22,1668,1,0
BRDA:22,1669,0,0
BRDA:22,1669,1,0
BRDA:22,1670,0,0
BRDA:22,1670,1,0
BRDA:22,1671,0,0
BRDA:22,1671,1,0
BRDA:22,1672,0,0
BRDA:22,1672,1,0
BRDA:22,1673,0,0
BRDA:22,1673,1,0
BRDA:22,1674,0,0
BRDA:22,1674,1,0
BRDA:22,1675,0,0
BRDA:22,1675,1,0
BRDA:22,1676,0,0
BRDA:22,1676,1,0
BRDA:22,1677,0,0
BRDA:22,1677,1,0
BRDA:22,1678,0,0
BRDA:22,1678,1,0
BRDA:22,1679,0,0
BRDA:22,1679,1,0
BRDA:22,1680,0,0
BRDA:22,1680,1,0
BRDA:22,1681,0,0
BRDA:22,1681,1,0
BRDA:22,1682,0,0
BRDA:22,1682,1,0
BRDA:22,1683,0,0
BRDA:22,1683,1,0
BRDA:22,1683,2,0
BRDA:22,1683,3,0
BRDA:22,1683,4,0
BRDA:22,1683,5,0
BRDA:22,1684,0,0
BRDA:22,1684,1,0
BRDA:22,1685,0,0
BRDA:22,1685,1,0
BRDA:22,1686,0,0
BRDA:22,1686,1,0
BRDA:22,1687,0,0
BRDA:22,1687,1,0
BRDA:22,1688,0,0
BRDA:22,1688,1,0
BRDA:22,1689,0,0
BRDA:22,1689,1,0
BRDA:22,1689,2,0
BRDA:22,1690,0,0
BRDA:22,1690,1,0
BRDA:22,1691,0,0
BRDA:22,1691,1,0
BRDA:22,1692,0,0
BRDA:22,1692,1,0
BRDA:22,1693,0,0
BRDA:22,1693,1,0
BRDA:22,1694,0,0
BRDA:22,1694,1,0
BRDA:22,1695,0,0
BRDA:22,1695,1,0
BRDA:22,1696,0,0
BRDA:22,1696,1,0
BRDA:22,1697,0,0
BRDA:22,1697,1,0
BRDA:22,1698,0,0
BRDA:22,1698,1,0
BRDA:22,1698,2,0
BRDA:22,1699,0,0
BRDA:22,1699,1,0
BRDA:22,1700,0,0
BRDA:22,1700,1,0
BRDA:22,1701,0,0
BRDA:22,1701,1,0
BRDA:22,1702,0,0
BRDA:22,1702,1,0
BRDA:22,1703,0,0
BRDA:22,1703,1,0
BRDA:22,1704,0,0
BRDA:22,1704,1,0
BRDA:22,1705,0,0
BRDA:22,1705,1,0
BRDA:22,1706,0,0
BRDA:22,1706,1,0
BRDA:22,1707,0,0
BRDA:22,1707,1,0
BRDA:22,1708,0,0
BRDA:22,1708,1,0
BRDA:22,1709,0,0
BRDA:22,1709,1,0
BRDA:22,1710,0,0
BRDA:22,1710,1,0
BRDA:22,1711,0,0
BRDA:22,1711,1,0
BRDA:22,1712,0,0
BRDA:22,1712,1,0
BRDA:22,1713,0,0
BRDA:22,1713,1,0
BRDA:22,1714,0,0
BRDA:22,1714,1,0
BRDA:22,1715,0,0
BRDA:22,1715,1,0
BRDA:22,1715,2,0
BRDA:22,1716,0,0
BRDA:22,1716,1,0
BRDA:22,1717,0,0
BRDA:22,1717,1,0
BRDA:22,1718,0,0
BRDA:22,1718,1,0
BRDA:22,1719,0,0
BRDA:22,1719,1,0
BRDA:22,1720,0,0
BRDA:22,1720,1,0
BRDA:22,1721,0,0
BRDA:22,1721,1,0
BRDA:22,1722,0,0
BRDA:22,1722,1,0
BRDA:22,1723,0,0
BRDA:22,1723,1,0
BRDA:22,1724,0,0
BRDA:22,1724,1,0
BRDA:22,1725,0,0
BRDA:22,1725,1,0
BRDA:22,1726,0,0
BRDA:22,1726,1,0
BRDA:22,1727,0,0
BRDA:22,1727,1,0
BRDA:22,1728,0,0
BRDA:22,1728,1,0
BRDA:22,1729,0,0
BRDA:22,1729,1,0
BRDA:22,1730,0,0
BRDA:22,1730,1,0
BRDA:22,1731,0,0
BRDA:22,1731,1,0
BRDA:22,1732,0,0
BRDA:22,1732,1,0
BRDA:22,1733,0,0
BRDA:22,1733,1,0
BRDA:22,1734,0,0
BRDA:22,1734,1,0
BRDA:22,1735,0,0
BRDA:22,1735,1,0
BRDA:22,1736,0,0
BRDA:22,1736,1,0
BRDA:22,1737,0,0
BRDA:22,1737,1,0
BRDA:22,1738,0,0
BRDA:22,1738,1,0
BRDA:22,1739,0,0
BRDA:22,1739,1,0
BRDA:22,1740,0,0
BRDA:22,1740,1,0
BRDA:22,1741,0,0
BRDA:22,1741,1,0
BRDA:22,1742,0,0
BRDA:22,1742,1,0
BRDA:22,1743,0,0
BRDA:22,1743,1,0
BRDA:22,1744,0,0
BRDA:22,1744,1,0
BRDA:22,1745,0,0
BRDA:22,1745,1,0
BRDA:22,1746,0,0
BRDA:22,1746,1,0
BRDA:22,1747,0,0
BRDA:22,1747,1,0
BRDA:22,1748,0,0
BRDA:22,1748,1,0
BRDA:22,1749,0,0
BRDA:22,1749,1,0
BRDA:22,1750,0,0
BRDA:22,1750,1,0
BRDA:22,1751,0,0
BRDA:22,1751,1,0
BRDA:22,1752,0,0
BRDA:22,1752,1,0
BRDA:22,1753,0,0
BRDA:22,1753,1,0
BRDA:22,1754,0,0
BRDA:22,1754,1,0
BRDA:22,1754,2,0
BRDA:22,1755,0,0
BRDA:22,1755,1,0
BRDA:30,1756,0,0
BRDA:30,1756,1,0
BRDA:30,1757,0,0
BRDA:30,1757,1,0
BRDA:30,1758,0,0
BRDA:30,1758,1,0
BRDA:30,1759,0,0
BRDA:30,1759,1,0
BRDA:30,1760,0,0
BRDA:30,1760,1,0
BRDA:30,1761,0,0
BRDA:30,1761,1,0
BRDA:30,1762,0,0
BRDA:30,1762,1,0
BRDA:30,1763,0,0
BRDA:30,1763,1,0
BRDA:30,1764,0,0
BRDA:30,1764,1,0
BRDA:30,1765,0,0
BRDA:30,1765,1,0
BRDA:30,1766,0,0
BRDA:30,1766,1,0
BRDA:30,1767,0,0
BRDA:30,1767,1,0
BRDA:30,1768,0,0
BRDA:30,1768,1,0
BRDA:30,1769,0,0
BRDA:30,1769,1,0
BRDA:30,1770,0,0
BRDA:30,1770,1,0
BRDA:30,1771,0,0
BRDA:30,1771,1,0
BRDA:30,1772,0,0
BRDA:30,1772,1,0
BRDA:30,1773,0,0
BRDA:30,1773,1,0
BRDA:30,1773,2,0
BRDA:30,1773,3,0
BRDA:30,1773,4,0
BRDA:30,1773,5,0
BRDA:30,1774,0,0
BRDA:30,1774,1,0
BRDA:30,1775,0,0
BRDA:30,1775,1,0
BRDA:30,1776,0,0
BRDA:30,1776,1,0
BRDA:30,1777,0,0
BRDA:30,1777,1,0
BRDA:30,1778,0,0
BRDA:30,1778,1,0
BRDA:30,1778,2,0
BRDA:30,1778,3,0
BRDA:30,1778,4,0
BRDA:30,1779,0,0
BRDA:30,1779,1,0
BRDA:30,1780,0,0
BRDA:30,1780,1,0
BRDA:30,1781,0,0
BRDA:30,1781,1,0
BRDA:30,1782,0,0
BRDA:30,1782,1,0
BRDA:30,1783,0,0
BRDA:30,1783,1,0
BRDA:30,1784,0,0
BRDA:30,1784,1,0
BRDA:30,1785,0,0
BRDA:30,1785,1,0
BRDA:30,1786,0,0
BRDA:30,1786,1,0
BRDA:30,1787,0,0
BRDA:30,1787,1,0
BRDA:30,1788,0,0
BRDA:30,1788,1,0
BRDA:30,1789,0,0
BRDA:30,1789,1,0
BRDA:30,1790,0,0
BRDA:30,1790,1,0
BRDA:30,1791,0,0
BRDA:30,1791,1,0
BRDA:30,1792,0,0
BRDA:30,1792,1,0
BRDA:30,1793,0,0
BRDA:30,1793,1,0
BRDA:30,1794,0,0
BRDA:30,1794,1,0
BRDA:30,1795,0,0
BRDA:30,1795,1,0
BRDA:30,1796,0,0
BRDA:30,1796,1,0
BRDA:30,1797,0,0
BRDA:30,1797,1,0
BRDA:30,1798,0,0
BRDA:30,1798,1,0
BRDA:30,1798,2,0
BRDA:30,1798,3,0
BRDA:30,1798,4,0
BRDA:30,1799,0,0
BRDA:30,1799,1,0
BRDA:30,1800,0,0
BRDA:30,1800,1,0
BRDA:30,1801,0,0
BRDA:30,1801,1,0
BRDA:30,1802,0,0
BRDA:30,1802,1,0
BRDA:30,1803,0,0
BRDA:30,1803,1,0
BRDA:30,1803,2,0
BRDA:30,1803,3,0
BRDA:30,1803,4,0
BRDA:30,1803,5,0
BRDA:30,1804,0,0
BRDA:30,1804,1,0
BRDA:30,1804,2,0
BRDA:30,1804,3,0
BRDA:30,1805,0,0
BRDA:30,1805,1,0
BRDA:30,1806,0,0
BRDA:30,1806,1,0
BRDA:30,1807,0,0
BRDA:30,1807,1,0
BRDA:30,1808,0,0
BRDA:30,1808,1,0
BRDA:30,1809,0,0
BRDA:30,1809,1,0
BRDA:30,1810,0,0
BRDA:30,1810,1,0
BRDA:30,1811,0,0
BRDA:30,1811,1,0
BRDA:30,1812,0,0
BRDA:30,1812,1,0
BRDA:30,1813,0,0
BRDA:30,1813,1,0
BRDA:30,1814,0,0
BRDA:30,1814,1,0
BRDA:30,1815,0,0
BRDA:30,1815,1,0
BRDA:30,1815,2,0
BRDA:30,1816,0,0
BRDA:30,1816,1,0
BRDA:30,1817,0,0
BRDA:30,1817,1,0
BRDA:30,1817,2,0
BRDA:30,1818,0,0
BRDA:30,1818,1,0
BRDA:30,1819,0,0
BRDA:30,1819,1,0
BRDA:30,1820,0,0
BRDA:30,1820,1,0
BRDA:30,1821,0,0
BRDA:30,1821,1,0
BRDA:30,1822,0,0
BRDA:30,1822,1,0
BRDA:30,1823,0,0
BRDA:30,1823,1,0
BRDA:30,1824,0,0
BRDA:30,1824,1,0
BRDA:30,1824,2,0
BRDA:30,1824,3,0
BRDA:30,1824,4,0
BRDA:30,1825,0,0
BRDA:30,1825,1,0
BRDA:30,1825,2,0
BRDA:37,1826,0,0
BRDA:37,1826,1,0
BRDA:37,1826,2,0
BRDA:37,1826,3,0
BRDA:37,1827,0,0
BRDA:37,1827,1,0
BRDA:37,1828,0,0
BRDA:37,1828,1,0
BRDA:37,1829,0,0
BRDA:37,1829,1,0
BRDA:37,1830,0,0
BRDA:37,1830,1,0
BRDA:37,1831,0,0
BRDA:37,1831,1,0
BRDA:37,1832,0,0
BRDA:37,1832,1,0
BRDA:37,1833,0,0
BRDA:37,1833,1,0
BRDA:37,1834,0,0
BRDA:37,1834,1,0
BRDA:37,1835,0,0
BRDA:37,1835,1,0
BRDA:37,1836,0,0
BRDA:37,1836,1,0
BRDA:37,1836,2,0
BRDA:37,1837,0,0
BRDA:37,1837,1,0
BRDA:37,1838,0,0
BRDA:37,1838,1,0
BRDA:37,1839,0,0
BRDA:37,1839,1,0
BRDA:37,1840,0,0
BRDA:37,1840,1,0
BRDA:37,1841,0,0
BRDA:37,1841,1,0
BRDA:37,1842,0,0
BRDA:37,1842,1,0
BRDA:37,1843,0,0
BRDA:37,1843,1,0
BRDA:37,1843,2,0
BRDA:37,1844,0,0
BRDA:37,1844,1,0
BRDA:37,1845,0,0
BRDA:37,1845,1,0
BRDA:37,1846,0,0
BRDA:37,1846,1,0
BRDA:37,1846,2,0
BRDA:37,1847,0,0
BRDA:37,1847,1,0
BRDA:37,1848,0,0
BRDA:37,1848,1,0
BRDA:37,1849,0,0
BRDA:37,1849,1,0
BRDA:37,1849,2,0
BRDA:37,1850,0,0
BRDA:37,1850,1,0
BRDA:37,1851,0,0
BRDA:37,1851,1,0
BRDA:37,1852,0,0
BRDA:37,1852,1,0
BRDA:37,1853,0,0
BRDA:37,1853,1,0
BRDA:37,1854,0,0
BRDA:37,1854,1,0
BRDA:37,1855,0,0
BRDA:37,1855,1,0
BRDA:37,1856,0,0
BRDA:37,1856,1,0
BRDA:37,1856,2,0
BRDA:37,1857,0,0
BRDA:37,1857,1,0
BRDA:37,1858,0,0
BRDA:37,1858,1,0
BRDA:37,1858,2,0
BRDA:37,1859,0,0
BRDA:37,1859,1,0
BRDA:37,1859,2,0
BRDA:37,1860,0,0
BRDA:37,1860,1,0
BRDA:37,1861,0,0
BRDA:37,1861,1,0
BRDA:37,1862,0,0
BRDA:37,1862,1,0
BRDA:37,1863,0,0
BRDA:37,1863,1,0
BRDA:37,1864,0,0
BRDA:37,1864,1,0
BRDA:37,1865,0,0
BRDA:37,1865,1,0
BRDA:37,1866,0,0
BRDA:37,1866,1,0
BRDA:37,1867,0,0
BRDA:37,1867,1,0
BRDA:37,1868,0,0
BRDA:37,1868,1,0
BRDA:37,1869,0,0
BRDA:37,1869,1,0
BRDA:37,1870,0,0
BRDA:37,1870,1,0
BRDA:37,1871,0,0
BRDA:37,1871,1,0
BRDA:37,1872,0,0
BRDA:37,1872,1,0
BRDA:37,1873,0,0
BRDA:37,1873,1,0
BRDA:37,1874,0,0
BRDA:37,1874,1,0
BRDA:37,1875,0,0
BRDA:37,1875,1,0
BRDA:37,1876,0,0
BRDA:37,1876,1,0
BRDA:37,1877,0,0
BRDA:37,1877,1,0
BRDA:37,1878,0,0
BRDA:37,1878,1,0
BRDA:37,1879,0,0
BRDA:37,1879,1,0
BRDA:37,1880,0,0
BRDA:37,1880,1,0
BRDA:37,1881,0,0
BRDA:37,1881,1,0
BRDA:37,1882,0,0
BRDA:37,1882,1,0
BRDA:37,1883,0,0
BRDA:37,1883,1,0
BRDA:37,1884,0,0
BRDA:37,1884,1,0
BRDA:37,1885,0,0
BRDA:37,1885,1,0
BRDA:37,1886,0,0
BRDA:37,1886,1,0
BRDA:37,1887,0,0
BRDA:37,1887,1,0
BRDA:37,1888,0,0
BRDA:37,1888,1,0
BRDA:37,1888,2,0
BRDA:37,1888,3,0
BRDA:37,1888,4,0
BRDA:37,1888,5,0
BRDA:37,1888,6,0
BRDA:37,1888,7,0
BRDA:37,1889,0,0
BRDA:37,1889,1,0
BRDA:37,1890,0,0
BRDA:37,1890,1,0
BRDA:37,1891,0,0
BRDA:37,1891,1,0
BRDA:37,1892,0,0
BRDA:37,1892,1,0
BRDA:37,1893,0,0
BRDA:37,1893,1,0
BRDA:37,1893,2,0
BRDA:37,1894,0,0
BRDA:37,1894,1,0
BRDA:37,1895,0,0
BRDA:37,1895,1,0
BRDA:37,1895,2,0
BRDA:37,1896,0,0
BRDA:37,1896,1,0
BRDA:37,1897,0,0
BRDA:37,1897,1,0
BRDA:37,1898,0,0
BRDA:37,1898,1,0
BRDA:37,1899,0,0
BRDA:37,1899,1,0
BRDA:37,1900,0,0
BRDA:37,1900,1,0
BRDA:37,1901,0,0
BRDA:37,1901,1,0
BRDA:37,1902,0,0
BRDA:37,1902,1,0
BRDA:37,1903,0,0
BRDA:37,1903,1,0
BRDA:37,1903,2,0
BRDA:37,1904,0,0
BRDA:37,1904,1,0
BRDA:37,1905,0,0
BRDA:37,1905,1,0
BRDA:37,1906,0,0
BRDA:37,1906,1,0
BRDA:37,1907,0,0
BRDA:37,1907,1,0
BRDA:37,1908,0,0
BRDA:37,1908,1,0
BRDA:37,1909,0,0
BRDA:37,1909,1,0
BRDA:37,1910,0,0
BRDA:37,1910,1,0
BRDA:37,1910,2,0
BRDA:37,1911,0,0
BRDA:37,1911,1,0
BRDA:37,1912,0,0
BRDA:37,1912,1,0
BRDA:37,1913,0,0
BRDA:37,1913,1,0
BRDA:37,1914,0,0
BRDA:37,1914,1,0
BRDA:37,1915,0,0
BRDA:37,1915,1,0
BRDA:37,1916,0,0
BRDA:37,1916,1,0
BRDA:37,1917,0,0
BRDA:37,1917,1,0
BRDA:37,1918,0,0
BRDA:37,1918,1,0
BRDA:37,1919,0,0
BRDA:37,1919,1,0
BRDA:37,1920,0,0
BRDA:37,1920,1,0
BRDA:37,1921,0,0
BRDA:37,1921,1,0
BRDA:37,1922,0,0
BRDA:37,1922,1,0
BRDA:37,1923,0,0
BRDA:37,1923,1,0
BRDA:37,1924,0,0
BRDA:37,1924,1,0
BRDA:37,1925,0,0
BRDA:37,1925,1,0
BRDA:37,1926,0,0
BRDA:37,1926,1,0
BRDA:37,1927,0,0
BRDA:37,1927,1,0
BRDA:37,1928,0,0
BRDA:37,1928,1,0
BRDA:37,1929,0,0
BRDA:37,1929,1,0
BRDA:37,1930,0,0
BRDA:37,1930,1,0
BRDA:37,1931,0,0
BRDA:37,1931,1,0
BRDA:37,1932,0,0
BRDA:37,1932,1,0
BRDA:37,1933,0,0
BRDA:37,1933,1,0
BRDA:37,1934,0,0
BRDA:37,1934,1,0
BRDA:37,1935,0,0
BRDA:37,1935,1,0
BRDA:37,1935,2,0
BRDA:37,1936,0,0
BRDA:37,1936,1,0
BRDA:37,1937,0,0
BRDA:37,1937,1,0
BRDA:37,1938,0,0
BRDA:37,1938,1,0
BRDA:37,1939,0,0
BRDA:37,1939,1,0
BRDA:37,1940,0,0
BRDA:37,1940,1,0
BRDA:37,1940,2,0
BRDA:37,1941,0,0
BRDA:37,1941,1,0
BRDA:37,1942,0,0
BRDA:37,1942,1,0
BRDA:37,1943,0,0
BRDA:37,1943,1,0
BRDA:37,1943,2,0
BRDA:37,1943,3,0
BRDA:37,1944,0,0
BRDA:37,1944,1,0
BRDA:37,1945,0,0
BRDA:37,1945,1,0
BRDA:37,1945,2,0
BRDA:37,1946,0,0
BRDA:37,1946,1,0
BRDA:37,1946,2,0
BRDA:37,1946,3,0
BRDA:37,1947,0,0
BRDA:37,1947,1,0
BRDA:37,1948,0,0
BRDA:37,1948,1,0
BRDA:37,1948,2,0
BRDA:37,1948,3,0
BRDA:37,1949,0,0
BRDA:37,1949,1,0
BRDA:37,1950,0,0
BRDA:37,1950,1,0
BRDA:37,1950,2,0
BRDA:37,1951,0,0
BRDA:37,1951,1,0
BRDA:37,1951,2,0
BRDA:37,1951,3,0
BRDA:37,1952,0,0
BRDA:37,1952,1,0
BRDA:37,1953,0,0
BRDA:37,1953,1,0
BRDA:37,1954,0,0
BRDA:37,1954,1,0
BRDA:37,1955,0,0
BRDA:37,1955,1,0
BRDA:37,1956,0,0
BRDA:37,1956,1,0
BRDA:37,1957,0,0
BRDA:37,1957,1,0
BRDA:37,1958,0,0
BRDA:37,1958,1,0
BRDA:37,1959,0,0
BRDA:37,1959,1,0
BRDA:37,1960,0,0
BRDA:37,1960,1,0
BRDA:37,1961,0,0
BRDA:37,1961,1,0
BRDA:37,1962,0,0
BRDA:37,1962,1,0
BRDA:37,1963,0,0
BRDA:37,1963,1,0
BRDA:37,1964,0,0
BRDA:37,1964,1,0
BRDA:37,1965,0,0
BRDA:37,1965,1,0
BRDA:37,1966,0,0
BRDA:37,1966,1,0
BRDA:37,1967,0,0
BRDA:37,1967,1,0
BRDA:37,1968,0,0
BRDA:37,1968,1,0
BRDA:37,1969,0,0
BRDA:37,1969,1,0
BRDA:37,1970,0,0
BRDA:37,1970,1,0
BRDA:37,1971,0,0
BRDA:37,1971,1,0
BRDA:37,1972,0,0
BRDA:37,1972,1,0
BRDA:37,1973,0,0
BRDA:37,1973,1,0
BRDA:37,1974,0,0
BRDA:37,1974,1,0
BRDA:37,1975,0,0
BRDA:37,1975,1,0
BRDA:37,1976,0,0
BRDA:37,1976,1,0
BRDA:37,1977,0,0
BRDA:37,1977,1,0
BRDA:37,1978,0,0
BRDA:37,1978,1,0
BRDA:37,1979,0,0
BRDA:37,1979,1,0
BRDA:37,1980,0,0
BRDA:37,1980,1,0
BRDA:37,1981,0,0
BRDA:37,1981,1,0
BRDA:37,1982,0,0
BRDA:37,1982,1,0
BRDA:37,1983,0,0
BRDA:37,1983,1,0
BRDA:37,1984,0,0
BRDA:37,1984,1,0
BRDA:37,1985,0,0
BRDA:37,1985,1,0
BRDA:37,1986,0,0
BRDA:37,1986,1,0
BRDA:37,1987,0,0
BRDA:37,1987,1,0
BRDA:37,1987,2,0
BRDA:37,1988,0,0
BRDA:37,1988,1,0
BRDA:37,1989,0,0
BRDA:37,1989,1,0
BRDA:37,1990,0,0
BRDA:37,1990,1,0
BRDA:37,1991,0,0
BRDA:37,1991,1,0
BRDA:37,1992,0,0
BRDA:37,1992,1,0
BRDA:37,1993,0,0
BRDA:37,1993,1,0
BRDA:37,1994,0,0
BRDA:37,1994,1,0
BRDA:37,1995,0,0
BRDA:37,1995,1,0
BRDA:37,1995,2,0
BRDA:37,1996,0,0
BRDA:37,1996,1,0
BRDA:37,1997,0,0
BRDA:37,1997,1,0
BRDA:37,1998,0,0
BRDA:37,1998,1,0
BRDA:37,1999,0,0
BRDA:37,1999,1,0
BRDA:37,2000,0,0
BRDA:37,2000,1,0
BRDA:37,2001,0,0
BRDA:37,2001,1,0
BRDA:37,2002,0,0
BRDA:37,2002,1,0
BRDA:37,2002,2,0
BRDA:37,2003,0,0
BRDA:37,2003,1,0
BRDA:37,2004,0,0
BRDA:37,2004,1,0
BRDA:37,2005,0,0
BRDA:37,2005,1,0
BRDA:37,2006,0,0
BRDA:37,2006,1,0
BRDA:37,2007,0,0
BRDA:37,2007,1,0
BRDA:37,2008,0,0
BRDA:37,2008,1,0
BRDA:37,2009,0,0
BRDA:37,2009,1,0
BRDA:37,2010,0,0
BRDA:37,2010,1,0
BRDA:37,2011,0,0
BRDA:37,2011,1,0
BRDA:37,2012,0,0
BRDA:37,2012,1,0
BRDA:37,2013,0,0
BRDA:37,2013,1,0
BRDA:37,2013,2,0
BRDA:37,2014,0,0
BRDA:37,2014,1,0
BRDA:37,2015,0,0
BRDA:37,2015,1,0
BRDA:37,2016,0,0
BRDA:37,2016,1,0
BRDA:37,2017,0,0
BRDA:37,2017,1,0
BRDA:37,2018,0,0
BRDA:37,2018,1,0
BRDA:37,2019,0,0
BRDA:37,2019,1,0
BRDA:37,2020,0,0
BRDA:37,2020,1,0
BRDA:37,2021,0,0
BRDA:37,2021,1,0
BRDA:37,2022,0,0
BRDA:37,2022,1,0
BRDA:37,2023,0,0
BRDA:37,2023,1,0
BRDA:37,2024,0,0
BRDA:37,2024,1,0
BRDA:37,2025,0,0
BRDA:37,2025,1,0
BRDA:37,2026,0,0
BRDA:37,2026,1,0
BRDA:37,2027,0,0
BRDA:37,2027,1,0
BRDA:37,2028,0,0
BRDA:37,2028,1,0
BRDA:37,2029,0,0
BRDA:37,2029,1,0
BRDA:37,2030,0,0
BRDA:37,2030,1,0
BRDA:37,2031,0,0
BRDA:37,2031,1,0
BRDA:37,2032,0,0
BRDA:37,2032,1,0
BRDA:37,2033,0,0
BRDA:37,2033,1,0
BRDA:37,2034,0,0
BRDA:37,2034,1,0
BRDA:37,2035,0,0
BRDA:37,2035,1,0
BRDA:37,2036,0,0
BRDA:37,2036,1,0
BRDA:37,2036,2,0
BRDA:37,2037,0,0
BRDA:37,2037,1,0
BRDA:37,2038,0,0
BRDA:37,2038,1,0
BRDA:37,2039,0,0
BRDA:37,2039,1,0
BRDA:37,2040,0,0
BRDA:37,2040,1,0
BRDA:37,2041,0,0
BRDA:37,2041,1,0
BRDA:37,2041,2,0
BRDA:37,2042,0,0
BRDA:37,2042,1,0
BRDA:37,2043,0,0
BRDA:37,2043,1,0
BRDA:37,2044,0,0
BRDA:37,2044,1,0
BRDA:37,2045,0,0
BRDA:37,2045,1,0
BRDA:37,2046,0,0
BRDA:37,2046,1,0
BRDA:37,2047,0,0
BRDA:37,2047,1,0
BRDA:37,2048,0,0
BRDA:37,2048,1,0
BRDA:37,2049,0,0
BRDA:37,2049,1,0
BRDA:37,2049,2,0
BRDA:37,2050,0,0
BRDA:37,2050,1,0
BRDA:37,2050,2,0
BRDA:37,2051,0,0
BRDA:37,2051,1,0
BRDA:37,2051,2,0
BRDA:37,2051,3,0
BRDA:37,2052,0,0
BRDA:37,2052,1,0
BRDA:37,2053,0,0
BRDA:37,2053,1,0
BRDA:37,2054,0,0
BRDA:37,2054,1,0
BRDA:37,2055,0,0
BRDA:37,2055,1,0
BRDA:37,2056,0,0
BRDA:37,2056,1,0
BRDA:37,2057,0,0
BRDA:37,2057,1,0
BRDA:37,2058,0,0
BRDA:37,2058,1,0
BRDA:37,2059,0,0
BRDA:37,2059,1,0
BRDA:37,2060,0,0
BRDA:37,2060,1,0
BRDA:37,2061,0,0
BRDA:37,2061,1,0
BRDA:37,2062,0,0
BRDA:37,2062,1,0
BRDA:37,2062,2,0
BRDA:37,2063,0,0
BRDA:37,2063,1,0
BRDA:37,2064,0,0
BRDA:37,2064,1,0
BRDA:37,2065,0,0
BRDA:37,2065,1,0
BRDA:37,2066,0,0
BRDA:37,2066,1,0
BRDA:37,2067,0,0
BRDA:37,2067,1,0
BRDA:37,2068,0,0
BRDA:37,2068,1,0
BRDA:37,2069,0,0
BRDA:37,2069,1,0
BRDA:37,2070,0,0
BRDA:37,2070,1,0
BRDA:37,2071,0,0
BRDA:37,2071,1,0
BRDA:37,2072,0,0
BRDA:37,2072,1,0
BRDA:37,2073,0,0
BRDA:37,2073,1,0
BRDA:37,2074,0,0
BRDA:37,2074,1,0
BRDA:37,2075,0,0
BRDA:37,2075,1,0
BRDA:37,2076,0,0
BRDA:37,2076,1,0
BRDA:37,2077,0,0
BRDA:37,2077,1,0
BRDA:37,2078,0,0
BRDA:37,2078,1,0
BRDA:37,2079,0,0
BRDA:37,2079,1,0
BRDA:37,2080,0,0
BRDA:37,2080,1,0
BRDA:37,2081,0,0
BRDA:37,2081,1,0
BRDA:37,2081,2,0
BRDA:37,2081,3,0
BRDA:37,2082,0,0
BRDA:37,2082,1,0
BRDA:37,2083,0,0
BRDA:37,2083,1,0
BRDA:37,2084,0,0
BRDA:37,2084,1,0
BRDA:37,2085,0,0
BRDA:37,2085,1,0
BRDA:37,2085,2,0
BRDA:37,2085,3,0
BRDA:37,2085,4,0
BRDA:37,2085,5,0
BRDA:37,2086,0,0
BRDA:37,2086,1,0
BRDA:37,2087,0,0
BRDA:37,2087,1,0
BRDA:37,2088,0,0
BRDA:37,2088,1,0
BRDA:37,2089,0,0
BRDA:37,2089,1,0
BRDA:37,2090,0,0
BRDA:37,2090,1,0
BRDA:37,2091,0,0
BRDA:37,2091,1,0
BRDA:37,2092,0,0
BRDA:37,2092,1,0
BRDA:37,2092,2,0
BRDA:37,2092,3,0
BRDA:37,2093,0,0
BRDA:37,2093,1,0
BRDA:37,2093,2,0
BRDA:37,2093,3,0
BRDA:37,2094,0,0
BRDA:37,2094,1,0
BRDA:37,2095,0,0
BRDA:37,2095,1,0
BRDA:37,2096,0,0
BRDA:37,2096,1,0
BRDA:37,2097,0,0
BRDA:37,2097,1,0
BRDA:37,2098,0,0
BRDA:37,2098,1,0
BRDA:37,2099,0,0
BRDA:37,2099,1,0
BRDA:37,2100,0,0
BRDA:37,2100,1,0
BRDA:37,2101,0,0
BRDA:37,2101,1,0
BRDA:37,2102,0,0
BRDA:37,2102,1,0
BRDA:37,2103,0,0
BRDA:37,2103,1,0
BRDA:37,2104,0,0
BRDA:37,2104,1,0
BRDA:37,2105,0,0
BRDA:37,2105,1,0
BRDA:37,2105,2,0
BRDA:37,2105,3,0
BRDA:37,2106,0,0
BRDA:37,2106,1,0
BRDA:37,2107,0,0
BRDA:37,2107,1,0
BRDA:37,2108,0,0
BRDA:37,2108,1,0
BRDA:37,2108,2,0
BRDA:37,2109,0,0
BRDA:37,2109,1,0
BRDA:37,2110,0,0
BRDA:37,2110,1,0
BRDA:37,2111,0,0
BRDA:37,2111,1,0
BRDA:37,2111,2,0
BRDA:37,2112,0,0
BRDA:37,2112,1,0
BRDA:37,2113,0,0
BRDA:37,2113,1,0
BRDA:37,2113,2,0
BRDA:37,2114,0,0
BRDA:37,2114,1,0
BRDA:37,2115,0,0
BRDA:37,2115,1,0
BRDA:37,2115,2,0
BRDA:37,2116,0,0
BRDA:37,2116,1,0
BRDA:37,2117,0,0
BRDA:37,2117,1,0
BRDA:37,2118,0,0
BRDA:37,2118,1,0
BRDA:37,2119,0,0
BRDA:37,2119,1,0
BRDA:37,2120,0,0
BRDA:37,2120,1,0
BRDA:37,2121,0,0
BRDA:37,2121,1,0
BRDA:37,2122,0,0
BRDA:37,2122,1,0
BRDA:37,2123,0,0
BRDA:37,2123,1,0
BRDA:37,2124,0,0
BRDA:37,2124,1,0
BRDA:37,2125,0,0
BRDA:37,2125,1,0
BRDA:37,2126,0,0
BRDA:37,2126,1,0
BRDA:37,2127,0,0
BRDA:37,2127,1,0
BRDA:37,2128,0,0
BRDA:37,2128,1,0
BRDA:37,2129,0,0
BRDA:37,2129,1,0
BRDA:37,2130,0,0
BRDA:37,2130,1,0
BRDA:37,2131,0,0
BRDA:37,2131,1,0
BRDA:37,2132,0,0
BRDA:37,2132,1,0
BRDA:37,2133,0,0
BRDA:37,2133,1,0
BRDA:37,2133,2,0
BRDA:37,2134,0,0
BRDA:37,2134,1,0
BRDA:37,2135,0,0
BRDA:37,2135,1,0
BRDA:37,2136,0,0
BRDA:37,2136,1,0
BRDA:37,2137,0,0
BRDA:37,2137,1,0
BRDA:37,2138,0,0
BRDA:37,2138,1,0
BRDA:37,2139,0,0
BRDA:37,2139,1,0
BRDA:37,2140,0,0
BRDA:37,2140,1,0
BRDA:37,2141,0,0
BRDA:37,2141,1,0
BRDA:37,2142,0,0
BRDA:37,2142,1,0
BRDA:37,2143,0,0
BRDA:37,2143,1,0
BRDA:37,2144,0,0
BRDA:37,2144,1,0
BRDA:37,2144,2,0
BRDA:37,2144,3,0
BRDA:37,2145,0,0
BRDA:37,2145,1,0
BRDA:37,2146,0,0
BRDA:37,2146,1,0
BRDA:37,2147,0,0
BRDA:37,2147,1,0
BRDA:37,2148,0,0
BRDA:37,2148,1,0
BRDA:37,2149,0,0
BRDA:37,2149,1,0
BRDA:37,2150,0,0
BRDA:37,2150,1,0
BRDA:37,2151,0,0
BRDA:37,2151,1,0
BRDA:37,2152,0,0
BRDA:37,2152,1,0
BRDA:37,2153,0,0
BRDA:37,2153,1,0
BRDA:37,2153,2,0
BRDA:37,2153,3,0
BRDA:37,2154,0,0
BRDA:37,2154,1,0
BRDA:37,2155,0,0
BRDA:37,2155,1,0
BRDA:37,2156,0,0
BRDA:37,2156,1,0
BRDA:37,2157,0,0
BRDA:37,2157,1,0
BRDA:37,2157,2,0
BRDA:37,2158,0,0
BRDA:37,2158,1,0
BRDA:37,2159,0,0
BRDA:37,2159,1,0
BRDA:37,2160,0,0
BRDA:37,2160,1,0
BRDA:37,2161,0,0
BRDA:37,2161,1,0
BRDA:37,2162,0,0
BRDA:37,2162,1,0
BRDA:37,2163,0,0
BRDA:37,2163,1,0
BRDA:37,2164,0,0
BRDA:37,2164,1,0
BRDA:37,2165,0,0
BRDA:37,2165,1,0
BRDA:37,2166,0,0
BRDA:37,2166,1,0
BRDA:37,2167,0,0
BRDA:37,2167,1,0
BRDA:37,2168,0,0
BRDA:37,2168,1,0
BRF:5004
BRH:0
end_of_record
TN:
SF:/Users/kaylatillman/Desktop/fec_hr/reviews-frontend/src/App.jsx
FN:4,(anonymous_0)
FNF:1
FNH:1
FNDA:1,(anonymous_0)
DA:4,2
DA:5,1
LF:2
LH:2
BRF:0
BRH:0
end_of_record
TN:
SF:/Users/kaylatillman/Desktop/fec_hr/reviews-frontend/src/ReviewList.jsx
FN:7,(anonymous_0)
FN:14,(anonymous_1)
FN:16,(anonymous_2)
FN:23,(anonymous_3)
FN:28,(anonymous_4)
FN:31,(anonymous_5)
FNF:6
FNH:2
FNDA:3,(anonymous_0)
FNDA:0,(anonymous_1)
FNDA:0,(anonymous_2)
FNDA:0,(anonymous_3)
FNDA:3,(anonymous_4)
FNDA:0,(anonymous_5)
DA:8,3
DA:9,3
DA:15,0
DA:19,0
DA:24,0
DA:29,3
DA:32,0
LF:7
LH:3
BRF:0
BRH:0
end_of_record
TN:
SF:/Users/kaylatillman/Desktop/fec_hr/reviews-frontend/src/ReviewListItem.jsx
FN:3,ReviewListItem
FNF:1
FNH:1
FNDA:1,ReviewListItem
DA:4,1
LF:1
LH:1
BRF:0
BRH:0
end_of_record
TN:
SF:/Users/kaylatillman/Desktop/fec_hr/reviews-frontend/src/SearchBar.jsx
FNF:0
FNH:0
LF:0
LH:0
BRF:0
BRH:0
end_of_record
TN:
SF:/Users/kaylatillman/Desktop/fec_hr/reviews-frontend/src/index.jsx
FNF:0
FNH:0
DA:7,0
LF:1
LH:0
BRF:0
BRH:0
end_of_record
TN:
SF:/Users/kaylatillman/Desktop/fec_hr/reviews-frontend/test/setUpTest.js
FNF:0
FNH:0
DA:6,2
LF:1
LH:1
BRF:0
BRH:0
end_of_record
